<!DOCTYPE html PUBLIC "-//W3C//DTD XHTML 1.1//EN" "https://www.w3.org/TR/xhtml11/DTD/xhtml11.dtd">
<html xmlns="https://www.w3.org/1999/xhtml">
<head>
<meta http-equiv="content-type" content="text/html; charset=UTF-8"/>
<title>TestNG Report</title>
<style type="text/css">table {margin-bottom:10px;border-collapse:collapse;empty-cells:show}th,td {border:1px solid #009;padding:.25em .5em}th {vertical-align:bottom}td {vertical-align:top}table a {font-weight:bold}.stripe td {background-color: #E6EBF9}.num {text-align:right}.passedodd td {background-color: #3F3}.passedeven td {background-color: #0A0}.skippedodd td {background-color: #DDD}.skippedeven td {background-color: #CCC}.failedodd td,.attn {background-color: #F33}.failedeven td,.stripe .attn {background-color: #D00}.stacktrace {white-space:pre;font-family:monospace}.totop {font-size:85%;text-align:center;border-bottom:2px solid #000}.invisible {display:none}</style>
</head>
<body>
<table>
<tr><th>Test</th><th># Passed</th><th># Skipped</th><th># Retried</th><th># Failed</th><th>Time (ms)</th><th>Included Groups</th><th>Excluded Groups</th></tr>
<tr><th colspan="8">Parallel Class Runs</th></tr>
<tr><td><a href="#t0">Dollar Days Test</a></td><td class="num">13</td><td class="num attn">6</td><td class="num">0</td><td class="num attn">1</td><td class="num">188,009</td><td></td><td></td></tr>
</table>
<table id='summary'><thead><tr><th>Class</th><th>Method</th><th>Start</th><th>Time (ms)</th></tr></thead><tbody><tr><th colspan="4">Parallel Class Runs</th></tr></tbody><tbody id="t0"><tr><th colspan="4">Dollar Days Test &#8212; failed (configuration methods)</th></tr><tr class="failedeven"><td rowspan="1">com.dollardays.testcases.Team2TaxExemptTestCase</td><td><a href="#m0">quit</a></td><td rowspan="1">1602878374013</td><td rowspan="1">246</td></tr><tr><th colspan="4">Dollar Days Test &#8212; failed</th></tr><tr class="failedeven"><td rowspan="1">com.dollardays.testcases.Team2TaxExemptTestCase</td><td><a href="#m1">ValidateTaxExemptRequiredFields</a></td><td rowspan="1">1602878360970</td><td rowspan="1">13037</td></tr><tr><th colspan="4">Dollar Days Test &#8212; skipped (configuration methods)</th></tr><tr class="skippedeven"><td rowspan="13">com.dollardays.testcases.Team2TaxExemptTestCase</td><td><a href="#m2">afterClass</a></td><td rowspan="1">1602878374357</td><td rowspan="1">-1602878374357</td></tr><tr class="skippedeven"><td><a href="#m3">quit</a></td><td rowspan="6">1602878374306</td><td rowspan="6">-1602878374306</td></tr><tr class="skippedeven"><td><a href="#m4">quit</a></td></tr><tr class="skippedeven"><td><a href="#m5">quit</a></td></tr><tr class="skippedeven"><td><a href="#m6">quit</a></td></tr><tr class="skippedeven"><td><a href="#m7">quit</a></td></tr><tr class="skippedeven"><td><a href="#m8">quit</a></td></tr><tr class="skippedeven"><td><a href="#m9">setUpBrowser</a></td><td rowspan="6">1602878374324</td><td rowspan="6">-1602878374324</td></tr><tr class="skippedeven"><td><a href="#m10">setUpBrowser</a></td></tr><tr class="skippedeven"><td><a href="#m11">setUpBrowser</a></td></tr><tr class="skippedeven"><td><a href="#m12">setUpBrowser</a></td></tr><tr class="skippedeven"><td><a href="#m13">setUpBrowser</a></td></tr><tr class="skippedeven"><td><a href="#m14">setUpBrowser</a></td></tr><tr><th colspan="4">Dollar Days Test &#8212; skipped</th></tr><tr class="skippedeven"><td rowspan="6">com.dollardays.testcases.Team2TaxExemptTestCase</td><td><a href="#m15">ValidateTaxExemptRequiredFields</a></td><td rowspan="6">1602878374275</td><td rowspan="6">0</td></tr><tr class="skippedeven"><td><a href="#m16">ValidateTaxExemptRequiredFields</a></td></tr><tr class="skippedeven"><td><a href="#m17">ValidateTaxExemptRequiredFields</a></td></tr><tr class="skippedeven"><td><a href="#m18">ValidateTaxExemptRequiredFields</a></td></tr><tr class="skippedeven"><td><a href="#m19">ValidateTaxExemptRequiredFields</a></td></tr><tr class="skippedeven"><td><a href="#m20">ValidateTaxExemptRequiredFields</a></td></tr><tr><th colspan="4">Dollar Days Test &#8212; passed</th></tr><tr class="passedeven"><td rowspan="6">com.dollardays.testcases.DefaultPaymentMethodScript</td><td><a href="#m21">VerifyCardVisible</a></td><td rowspan="1">1602878328707</td><td rowspan="1">18276</td></tr><tr class="passedeven"><td><a href="#m22">VerifyClickAddNewCard</a></td><td rowspan="1">1602878359356</td><td rowspan="1">20257</td></tr><tr class="passedeven"><td><a href="#m23">VerifyDCEditClick</a></td><td rowspan="1">1602878293401</td><td rowspan="1">22165</td></tr><tr class="passedeven"><td><a href="#m24">VerifyDeleteCard</a></td><td rowspan="1">1602878445034</td><td rowspan="1">20834</td></tr><tr class="passedeven"><td><a href="#m25">VerifyEditOnCard</a></td><td rowspan="1">1602878416485</td><td rowspan="1">18815</td></tr><tr class="passedeven"><td><a href="#m26">VerifySetDefaultCard</a></td><td rowspan="1">1602878389791</td><td rowspan="1">16541</td></tr><tr class="passedodd"><td rowspan="5">com.dollardays.testcases.EmailPreferencesValidationsTestCase</td><td><a href="#m27">EmailPreferences_LinksValidation</a></td><td rowspan="1">1602878403717</td><td rowspan="1">18267</td></tr><tr class="passedodd"><td><a href="#m28">emailPreferences_Checkbox_Validation_AtPageLaunch</a></td><td rowspan="1">1602878326145</td><td rowspan="1">19192</td></tr><tr class="passedodd"><td><a href="#m29">emailPreferences_UserEmailAddressValidation</a></td><td rowspan="1">1602878294199</td><td rowspan="1">19365</td></tr><tr class="passedodd"><td><a href="#m30">emailPreferences_checkbox_validation_AtClick</a></td><td rowspan="1">1602878355349</td><td rowspan="1">37428</td></tr><tr class="passedodd"><td><a href="#m31">termAndConditionsPage_LinksValidation</a></td><td rowspan="1">1602878432273</td><td rowspan="1">22108</td></tr><tr class="passedeven"><td rowspan="2">com.dollardays.testcases.Team2TaxExemptTestCase</td><td><a href="#m32">ValidateTaxExemptRequiredFields</a></td><td rowspan="2">1602878294727</td><td rowspan="2">21927</td></tr><tr class="passedeven"><td><a href="#m33">ValidateTaxExemptRequiredFields</a></td></tr></tbody>
</table>
<h2>Dollar Days Test</h2><h3 id="m0">com.dollardays.testcases.Team2TaxExemptTestCase#quit</h3><table class="result"><tr><th>Exception</th></tr><tr><td><div class="stacktrace">org.openqa.selenium.WebDriverException: chrome not reachable
  (Session info: chrome=86.0.4240.75)
  (Driver info: chromedriver=86.0.4240.22 (398b0743353ff36fb1b82468f63a3a93b4e2e89e-refs/branch-heads/4240@{#378}),platform=Windows NT 10.0.18362 x86_64) (WARNING: The server did not provide any stacktrace information)
Command duration or timeout: 245 milliseconds
Build info: version: &apos;2.53.1&apos;, revision: &apos;a36b8b1cd5757287168e54b817830adce9b0158d&apos;, time: &apos;2016-06-30 19:26:09&apos;
System info: host: &apos;MININT-UM25UFB&apos;, ip: &apos;10.0.75.1&apos;, os.name: &apos;Windows 10&apos;, os.arch: &apos;amd64&apos;, os.version: &apos;10.0&apos;, java.version: &apos;1.8.0_261&apos;
Driver info: org.openqa.selenium.chrome.ChromeDriver
Capabilities [{mobileEmulationEnabled=false, timeouts={implicit=0, pageLoad=300000, script=30000}, hasTouchScreen=false, platform=XP, acceptSslCerts=false, goog:chromeOptions={debuggerAddress=localhost:53969}, acceptInsecureCerts=false, webStorageEnabled=true, browserName=chrome, takesScreenshot=true, javascriptEnabled=true, setWindowRect=true, unexpectedAlertBehaviour=ignore, applicationCacheEnabled=false, rotatable=false, networkConnectionEnabled=false, chrome={chromedriverVersion=86.0.4240.22 (398b0743353ff36fb1b82468f63a3a93b4e2e89e-refs/branch-heads/4240@{#378}), userDataDir=C:\Users\Rajesh\AppData\Local\Temp\scoped_dir13776_462327152}, takesHeapSnapshot=true, pageLoadStrategy=normal, strictFileInteractability=false, databaseEnabled=false, handlesAlerts=true, version=86.0.4240.75, browserConnectionEnabled=false, proxy={}, nativeEvents=true, locationContextEnabled=true, cssSelectorsEnabled=true, webauthn:virtualAuthenticators=true}]
Session ID: 29b3533a12fd8932837641debe31f4fe
	at org.openqa.selenium.remote.ErrorHandler.createThrowable(ErrorHandler.java:206)
	at org.openqa.selenium.remote.ErrorHandler.throwIfResponseFailed(ErrorHandler.java:158)
	at org.openqa.selenium.remote.RemoteWebDriver.execute(RemoteWebDriver.java:678)
	at org.openqa.selenium.remote.RemoteWebDriver.execute(RemoteWebDriver.java:701)
	at org.openqa.selenium.remote.RemoteWebDriver.close(RemoteWebDriver.java:521)
	at com.dollardays.testcases.BaseTest.quit(BaseTest.java:162)
	at java.util.concurrent.ThreadPoolExecutor.runWorker(ThreadPoolExecutor.java:1149)
	at java.util.concurrent.ThreadPoolExecutor$Worker.run(ThreadPoolExecutor.java:624)
	at java.lang.Thread.run(Thread.java:748)
... Removed 21 stack frames</div></td></tr></table><p class="totop"><a href="#summary">back to summary</a></p>
<h3 id="m1">com.dollardays.testcases.Team2TaxExemptTestCase#ValidateTaxExemptRequiredFields</h3><table class="result"><tr class="param"><th>Parameter #1</th></tr><tr class="param stripe"><td>{TaxID=, TestCase=Except State all required fields empty, ExpiryDate=, filePath=, TCID=TC3, SheetName=TaxExempt, Runmode=Yes, UserName=srikanthtesting100@gmail.com, Password=cGFzc3dvcmQxMjM=, FileType=, DocumentName=xyz, TestScenario=Negative, State=Florida, =}</td></tr><tr><th>Exception</th></tr><tr><td><div class="stacktrace">org.openqa.selenium.WebDriverException: chrome not reachable
  (Session info: chrome=86.0.4240.75)
  (Driver info: chromedriver=86.0.4240.22 (398b0743353ff36fb1b82468f63a3a93b4e2e89e-refs/branch-heads/4240@{#378}),platform=Windows NT 10.0.18362 x86_64) (WARNING: The server did not provide any stacktrace information)
Command duration or timeout: 12.03 seconds
Build info: version: &apos;2.53.1&apos;, revision: &apos;a36b8b1cd5757287168e54b817830adce9b0158d&apos;, time: &apos;2016-06-30 19:26:09&apos;
System info: host: &apos;MININT-UM25UFB&apos;, ip: &apos;10.0.75.1&apos;, os.name: &apos;Windows 10&apos;, os.arch: &apos;amd64&apos;, os.version: &apos;10.0&apos;, java.version: &apos;1.8.0_261&apos;
Driver info: org.openqa.selenium.chrome.ChromeDriver
Capabilities [{mobileEmulationEnabled=false, timeouts={implicit=0, pageLoad=300000, script=30000}, hasTouchScreen=false, platform=XP, acceptSslCerts=false, goog:chromeOptions={debuggerAddress=localhost:53969}, acceptInsecureCerts=false, webStorageEnabled=true, browserName=chrome, takesScreenshot=true, javascriptEnabled=true, setWindowRect=true, unexpectedAlertBehaviour=ignore, applicationCacheEnabled=false, rotatable=false, networkConnectionEnabled=false, chrome={chromedriverVersion=86.0.4240.22 (398b0743353ff36fb1b82468f63a3a93b4e2e89e-refs/branch-heads/4240@{#378}), userDataDir=C:\Users\Rajesh\AppData\Local\Temp\scoped_dir13776_462327152}, takesHeapSnapshot=true, pageLoadStrategy=normal, strictFileInteractability=false, databaseEnabled=false, handlesAlerts=true, version=86.0.4240.75, browserConnectionEnabled=false, proxy={}, nativeEvents=true, locationContextEnabled=true, cssSelectorsEnabled=true, webauthn:virtualAuthenticators=true}]
Session ID: 29b3533a12fd8932837641debe31f4fe
*** Element info: {Using=xpath, value=//a[normalize-space(.)=&apos;Sign in&apos;]}
	at org.openqa.selenium.remote.ErrorHandler.createThrowable(ErrorHandler.java:206)
	at org.openqa.selenium.remote.ErrorHandler.throwIfResponseFailed(ErrorHandler.java:158)
	at org.openqa.selenium.remote.RemoteWebDriver.execute(RemoteWebDriver.java:678)
	at org.openqa.selenium.remote.RemoteWebDriver.findElement(RemoteWebDriver.java:363)
	at org.openqa.selenium.remote.RemoteWebDriver.findElementByXPath(RemoteWebDriver.java:500)
	at org.openqa.selenium.By$ByXPath.findElement(By.java:361)
	at org.openqa.selenium.remote.RemoteWebDriver.findElement(RemoteWebDriver.java:355)
	at org.openqa.selenium.support.pagefactory.DefaultElementLocator.findElement(DefaultElementLocator.java:69)
	at org.openqa.selenium.support.pagefactory.internal.LocatingElementHandler.invoke(LocatingElementHandler.java:38)
	at com.sun.proxy.$Proxy11.click(Unknown Source)
	at com.dollardays.pages.LoginPage.login(LoginPage.java:76)
	at com.dollardays.testcases.Team2TaxExemptTestCase.ValidateTaxExemptRequiredFields(Team2TaxExemptTestCase.java:33)
	at java.util.concurrent.ThreadPoolExecutor.runWorker(ThreadPoolExecutor.java:1149)
	at java.util.concurrent.ThreadPoolExecutor$Worker.run(ThreadPoolExecutor.java:624)
	at java.lang.Thread.run(Thread.java:748)
... Removed 16 stack frames</div></td></tr></table><p class="totop"><a href="#summary">back to summary</a></p>
<h3 id="m2">com.dollardays.testcases.Team2TaxExemptTestCase#afterClass</h3><table class="result"><tr><th class="invisible"/></tr></table><p class="totop"><a href="#summary">back to summary</a></p>
<h3 id="m3">com.dollardays.testcases.Team2TaxExemptTestCase#quit</h3><table class="result"><tr><th class="invisible"/></tr></table><p class="totop"><a href="#summary">back to summary</a></p>
<h3 id="m4">com.dollardays.testcases.Team2TaxExemptTestCase#quit</h3><table class="result"><tr><th class="invisible"/></tr></table><p class="totop"><a href="#summary">back to summary</a></p>
<h3 id="m5">com.dollardays.testcases.Team2TaxExemptTestCase#quit</h3><table class="result"><tr><th class="invisible"/></tr></table><p class="totop"><a href="#summary">back to summary</a></p>
<h3 id="m6">com.dollardays.testcases.Team2TaxExemptTestCase#quit</h3><table class="result"><tr><th class="invisible"/></tr></table><p class="totop"><a href="#summary">back to summary</a></p>
<h3 id="m7">com.dollardays.testcases.Team2TaxExemptTestCase#quit</h3><table class="result"><tr><th class="invisible"/></tr></table><p class="totop"><a href="#summary">back to summary</a></p>
<h3 id="m8">com.dollardays.testcases.Team2TaxExemptTestCase#quit</h3><table class="result"><tr><th class="invisible"/></tr></table><p class="totop"><a href="#summary">back to summary</a></p>
<h3 id="m9">com.dollardays.testcases.Team2TaxExemptTestCase#setUpBrowser</h3><table class="result"><tr><th class="invisible"/></tr></table><p class="totop"><a href="#summary">back to summary</a></p>
<h3 id="m10">com.dollardays.testcases.Team2TaxExemptTestCase#setUpBrowser</h3><table class="result"><tr><th class="invisible"/></tr></table><p class="totop"><a href="#summary">back to summary</a></p>
<h3 id="m11">com.dollardays.testcases.Team2TaxExemptTestCase#setUpBrowser</h3><table class="result"><tr><th class="invisible"/></tr></table><p class="totop"><a href="#summary">back to summary</a></p>
<h3 id="m12">com.dollardays.testcases.Team2TaxExemptTestCase#setUpBrowser</h3><table class="result"><tr><th class="invisible"/></tr></table><p class="totop"><a href="#summary">back to summary</a></p>
<h3 id="m13">com.dollardays.testcases.Team2TaxExemptTestCase#setUpBrowser</h3><table class="result"><tr><th class="invisible"/></tr></table><p class="totop"><a href="#summary">back to summary</a></p>
<h3 id="m14">com.dollardays.testcases.Team2TaxExemptTestCase#setUpBrowser</h3><table class="result"><tr><th class="invisible"/></tr></table><p class="totop"><a href="#summary">back to summary</a></p>
<h3 id="m15">com.dollardays.testcases.Team2TaxExemptTestCase#ValidateTaxExemptRequiredFields</h3><table class="result"><tr class="param"><th>Parameter #1</th></tr><tr class="param stripe"><td>{TaxID=1.0, TestCase=Except TaxID and State all required fields empty , ExpiryDate=, filePath=, TCID=TC4, SheetName=TaxExempt, Runmode=Yes, UserName=srikanthtesting100@gmail.com, Password=cGFzc3dvcmQxMjM=, FileType=, DocumentName=xyz, TestScenario=Negative, State=Florida, =}</td></tr><tr><th>Exception</th></tr><tr><td><div class="stacktrace">org.openqa.selenium.WebDriverException: chrome not reachable
  (Session info: chrome=86.0.4240.75)
  (Driver info: chromedriver=86.0.4240.22 (398b0743353ff36fb1b82468f63a3a93b4e2e89e-refs/branch-heads/4240@{#378}),platform=Windows NT 10.0.18362 x86_64) (WARNING: The server did not provide any stacktrace information)
Command duration or timeout: 245 milliseconds
Build info: version: &apos;2.53.1&apos;, revision: &apos;a36b8b1cd5757287168e54b817830adce9b0158d&apos;, time: &apos;2016-06-30 19:26:09&apos;
System info: host: &apos;MININT-UM25UFB&apos;, ip: &apos;10.0.75.1&apos;, os.name: &apos;Windows 10&apos;, os.arch: &apos;amd64&apos;, os.version: &apos;10.0&apos;, java.version: &apos;1.8.0_261&apos;
Driver info: org.openqa.selenium.chrome.ChromeDriver
Capabilities [{mobileEmulationEnabled=false, timeouts={implicit=0, pageLoad=300000, script=30000}, hasTouchScreen=false, platform=XP, acceptSslCerts=false, goog:chromeOptions={debuggerAddress=localhost:53969}, acceptInsecureCerts=false, webStorageEnabled=true, browserName=chrome, takesScreenshot=true, javascriptEnabled=true, setWindowRect=true, unexpectedAlertBehaviour=ignore, applicationCacheEnabled=false, rotatable=false, networkConnectionEnabled=false, chrome={chromedriverVersion=86.0.4240.22 (398b0743353ff36fb1b82468f63a3a93b4e2e89e-refs/branch-heads/4240@{#378}), userDataDir=C:\Users\Rajesh\AppData\Local\Temp\scoped_dir13776_462327152}, takesHeapSnapshot=true, pageLoadStrategy=normal, strictFileInteractability=false, databaseEnabled=false, handlesAlerts=true, version=86.0.4240.75, browserConnectionEnabled=false, proxy={}, nativeEvents=true, locationContextEnabled=true, cssSelectorsEnabled=true, webauthn:virtualAuthenticators=true}]
Session ID: 29b3533a12fd8932837641debe31f4fe
	at org.openqa.selenium.remote.ErrorHandler.createThrowable(ErrorHandler.java:206)
	at org.openqa.selenium.remote.ErrorHandler.throwIfResponseFailed(ErrorHandler.java:158)
	at org.openqa.selenium.remote.RemoteWebDriver.execute(RemoteWebDriver.java:678)
	at org.openqa.selenium.remote.RemoteWebDriver.execute(RemoteWebDriver.java:701)
	at org.openqa.selenium.remote.RemoteWebDriver.close(RemoteWebDriver.java:521)
	at com.dollardays.testcases.BaseTest.quit(BaseTest.java:162)
	at java.util.concurrent.ThreadPoolExecutor.runWorker(ThreadPoolExecutor.java:1149)
	at java.util.concurrent.ThreadPoolExecutor$Worker.run(ThreadPoolExecutor.java:624)
	at java.lang.Thread.run(Thread.java:748)
... Removed 21 stack frames</div></td></tr></table><p class="totop"><a href="#summary">back to summary</a></p>
<h3 id="m16">com.dollardays.testcases.Team2TaxExemptTestCase#ValidateTaxExemptRequiredFields</h3><table class="result"><tr class="param"><th>Parameter #1</th></tr><tr class="param stripe"><td>{TaxID=, TestCase=State and TaxId empty, ExpiryDate=09/19/2022, filePath=SampleJpg.jpg, TCID=TC6, SheetName=TaxExempt, Runmode=Yes, UserName=srikanthtesting100@gmail.com, Password=cGFzc3dvcmQxMjM=, FileType=correct, DocumentName=xyz, TestScenario=Negative, State=, =}</td></tr><tr><th>Exception</th></tr><tr><td><div class="stacktrace">org.openqa.selenium.WebDriverException: chrome not reachable
  (Session info: chrome=86.0.4240.75)
  (Driver info: chromedriver=86.0.4240.22 (398b0743353ff36fb1b82468f63a3a93b4e2e89e-refs/branch-heads/4240@{#378}),platform=Windows NT 10.0.18362 x86_64) (WARNING: The server did not provide any stacktrace information)
Command duration or timeout: 245 milliseconds
Build info: version: &apos;2.53.1&apos;, revision: &apos;a36b8b1cd5757287168e54b817830adce9b0158d&apos;, time: &apos;2016-06-30 19:26:09&apos;
System info: host: &apos;MININT-UM25UFB&apos;, ip: &apos;10.0.75.1&apos;, os.name: &apos;Windows 10&apos;, os.arch: &apos;amd64&apos;, os.version: &apos;10.0&apos;, java.version: &apos;1.8.0_261&apos;
Driver info: org.openqa.selenium.chrome.ChromeDriver
Capabilities [{mobileEmulationEnabled=false, timeouts={implicit=0, pageLoad=300000, script=30000}, hasTouchScreen=false, platform=XP, acceptSslCerts=false, goog:chromeOptions={debuggerAddress=localhost:53969}, acceptInsecureCerts=false, webStorageEnabled=true, browserName=chrome, takesScreenshot=true, javascriptEnabled=true, setWindowRect=true, unexpectedAlertBehaviour=ignore, applicationCacheEnabled=false, rotatable=false, networkConnectionEnabled=false, chrome={chromedriverVersion=86.0.4240.22 (398b0743353ff36fb1b82468f63a3a93b4e2e89e-refs/branch-heads/4240@{#378}), userDataDir=C:\Users\Rajesh\AppData\Local\Temp\scoped_dir13776_462327152}, takesHeapSnapshot=true, pageLoadStrategy=normal, strictFileInteractability=false, databaseEnabled=false, handlesAlerts=true, version=86.0.4240.75, browserConnectionEnabled=false, proxy={}, nativeEvents=true, locationContextEnabled=true, cssSelectorsEnabled=true, webauthn:virtualAuthenticators=true}]
Session ID: 29b3533a12fd8932837641debe31f4fe
	at org.openqa.selenium.remote.ErrorHandler.createThrowable(ErrorHandler.java:206)
	at org.openqa.selenium.remote.ErrorHandler.throwIfResponseFailed(ErrorHandler.java:158)
	at org.openqa.selenium.remote.RemoteWebDriver.execute(RemoteWebDriver.java:678)
	at org.openqa.selenium.remote.RemoteWebDriver.execute(RemoteWebDriver.java:701)
	at org.openqa.selenium.remote.RemoteWebDriver.close(RemoteWebDriver.java:521)
	at com.dollardays.testcases.BaseTest.quit(BaseTest.java:162)
	at java.util.concurrent.ThreadPoolExecutor.runWorker(ThreadPoolExecutor.java:1149)
	at java.util.concurrent.ThreadPoolExecutor$Worker.run(ThreadPoolExecutor.java:624)
	at java.lang.Thread.run(Thread.java:748)
... Removed 21 stack frames</div></td></tr></table><p class="totop"><a href="#summary">back to summary</a></p>
<h3 id="m17">com.dollardays.testcases.Team2TaxExemptTestCase#ValidateTaxExemptRequiredFields</h3><table class="result"><tr class="param"><th>Parameter #1</th></tr><tr class="param stripe"><td>{TaxID=, TestCase=validate wrong file type, ExpiryDate=, filePath=TaxCertificate for DollarDays.txt, TCID=TC9, SheetName=TaxExempt, Runmode=Yes, UserName=srikanthtesting100@gmail.com, Password=cGFzc3dvcmQxMjM=, FileType=wrong, DocumentName=xyz, TestScenario=Negative, State=Florida, =}</td></tr><tr><th>Exception</th></tr><tr><td><div class="stacktrace">org.openqa.selenium.WebDriverException: chrome not reachable
  (Session info: chrome=86.0.4240.75)
  (Driver info: chromedriver=86.0.4240.22 (398b0743353ff36fb1b82468f63a3a93b4e2e89e-refs/branch-heads/4240@{#378}),platform=Windows NT 10.0.18362 x86_64) (WARNING: The server did not provide any stacktrace information)
Command duration or timeout: 245 milliseconds
Build info: version: &apos;2.53.1&apos;, revision: &apos;a36b8b1cd5757287168e54b817830adce9b0158d&apos;, time: &apos;2016-06-30 19:26:09&apos;
System info: host: &apos;MININT-UM25UFB&apos;, ip: &apos;10.0.75.1&apos;, os.name: &apos;Windows 10&apos;, os.arch: &apos;amd64&apos;, os.version: &apos;10.0&apos;, java.version: &apos;1.8.0_261&apos;
Driver info: org.openqa.selenium.chrome.ChromeDriver
Capabilities [{mobileEmulationEnabled=false, timeouts={implicit=0, pageLoad=300000, script=30000}, hasTouchScreen=false, platform=XP, acceptSslCerts=false, goog:chromeOptions={debuggerAddress=localhost:53969}, acceptInsecureCerts=false, webStorageEnabled=true, browserName=chrome, takesScreenshot=true, javascriptEnabled=true, setWindowRect=true, unexpectedAlertBehaviour=ignore, applicationCacheEnabled=false, rotatable=false, networkConnectionEnabled=false, chrome={chromedriverVersion=86.0.4240.22 (398b0743353ff36fb1b82468f63a3a93b4e2e89e-refs/branch-heads/4240@{#378}), userDataDir=C:\Users\Rajesh\AppData\Local\Temp\scoped_dir13776_462327152}, takesHeapSnapshot=true, pageLoadStrategy=normal, strictFileInteractability=false, databaseEnabled=false, handlesAlerts=true, version=86.0.4240.75, browserConnectionEnabled=false, proxy={}, nativeEvents=true, locationContextEnabled=true, cssSelectorsEnabled=true, webauthn:virtualAuthenticators=true}]
Session ID: 29b3533a12fd8932837641debe31f4fe
	at org.openqa.selenium.remote.ErrorHandler.createThrowable(ErrorHandler.java:206)
	at org.openqa.selenium.remote.ErrorHandler.throwIfResponseFailed(ErrorHandler.java:158)
	at org.openqa.selenium.remote.RemoteWebDriver.execute(RemoteWebDriver.java:678)
	at org.openqa.selenium.remote.RemoteWebDriver.execute(RemoteWebDriver.java:701)
	at org.openqa.selenium.remote.RemoteWebDriver.close(RemoteWebDriver.java:521)
	at com.dollardays.testcases.BaseTest.quit(BaseTest.java:162)
	at java.util.concurrent.ThreadPoolExecutor.runWorker(ThreadPoolExecutor.java:1149)
	at java.util.concurrent.ThreadPoolExecutor$Worker.run(ThreadPoolExecutor.java:624)
	at java.lang.Thread.run(Thread.java:748)
... Removed 21 stack frames</div></td></tr></table><p class="totop"><a href="#summary">back to summary</a></p>
<h3 id="m18">com.dollardays.testcases.Team2TaxExemptTestCase#ValidateTaxExemptRequiredFields</h3><table class="result"><tr class="param"><th>Parameter #1</th></tr><tr class="param stripe"><td>{TaxID=3.0, TestCase=Tax exempt form all required fields are filled, ExpiryDate=08/19/2022, filePath=SampleJpg.jpg, TCID=TC8, SheetName=TaxExempt, Runmode=Yes, UserName=srikanthtesting100@gmail.com, Password=cGFzc3dvcmQxMjM=, FileType=correct, DocumentName=xyz, TestScenario=Positive, State=Iowa, =}</td></tr><tr><th>Exception</th></tr><tr><td><div class="stacktrace">org.openqa.selenium.WebDriverException: chrome not reachable
  (Session info: chrome=86.0.4240.75)
  (Driver info: chromedriver=86.0.4240.22 (398b0743353ff36fb1b82468f63a3a93b4e2e89e-refs/branch-heads/4240@{#378}),platform=Windows NT 10.0.18362 x86_64) (WARNING: The server did not provide any stacktrace information)
Command duration or timeout: 245 milliseconds
Build info: version: &apos;2.53.1&apos;, revision: &apos;a36b8b1cd5757287168e54b817830adce9b0158d&apos;, time: &apos;2016-06-30 19:26:09&apos;
System info: host: &apos;MININT-UM25UFB&apos;, ip: &apos;10.0.75.1&apos;, os.name: &apos;Windows 10&apos;, os.arch: &apos;amd64&apos;, os.version: &apos;10.0&apos;, java.version: &apos;1.8.0_261&apos;
Driver info: org.openqa.selenium.chrome.ChromeDriver
Capabilities [{mobileEmulationEnabled=false, timeouts={implicit=0, pageLoad=300000, script=30000}, hasTouchScreen=false, platform=XP, acceptSslCerts=false, goog:chromeOptions={debuggerAddress=localhost:53969}, acceptInsecureCerts=false, webStorageEnabled=true, browserName=chrome, takesScreenshot=true, javascriptEnabled=true, setWindowRect=true, unexpectedAlertBehaviour=ignore, applicationCacheEnabled=false, rotatable=false, networkConnectionEnabled=false, chrome={chromedriverVersion=86.0.4240.22 (398b0743353ff36fb1b82468f63a3a93b4e2e89e-refs/branch-heads/4240@{#378}), userDataDir=C:\Users\Rajesh\AppData\Local\Temp\scoped_dir13776_462327152}, takesHeapSnapshot=true, pageLoadStrategy=normal, strictFileInteractability=false, databaseEnabled=false, handlesAlerts=true, version=86.0.4240.75, browserConnectionEnabled=false, proxy={}, nativeEvents=true, locationContextEnabled=true, cssSelectorsEnabled=true, webauthn:virtualAuthenticators=true}]
Session ID: 29b3533a12fd8932837641debe31f4fe
	at org.openqa.selenium.remote.ErrorHandler.createThrowable(ErrorHandler.java:206)
	at org.openqa.selenium.remote.ErrorHandler.throwIfResponseFailed(ErrorHandler.java:158)
	at org.openqa.selenium.remote.RemoteWebDriver.execute(RemoteWebDriver.java:678)
	at org.openqa.selenium.remote.RemoteWebDriver.execute(RemoteWebDriver.java:701)
	at org.openqa.selenium.remote.RemoteWebDriver.close(RemoteWebDriver.java:521)
	at com.dollardays.testcases.BaseTest.quit(BaseTest.java:162)
	at java.util.concurrent.ThreadPoolExecutor.runWorker(ThreadPoolExecutor.java:1149)
	at java.util.concurrent.ThreadPoolExecutor$Worker.run(ThreadPoolExecutor.java:624)
	at java.lang.Thread.run(Thread.java:748)
... Removed 21 stack frames</div></td></tr></table><p class="totop"><a href="#summary">back to summary</a></p>
<h3 id="m19">com.dollardays.testcases.Team2TaxExemptTestCase#ValidateTaxExemptRequiredFields</h3><table class="result"><tr class="param"><th>Parameter #1</th></tr><tr class="param stripe"><td>{TaxID=, TestCase=Except expiry date all required fields empty, ExpiryDate=08/19/2022, filePath=, TCID=TC5, SheetName=TaxExempt, Runmode=Yes, UserName=srikanthtesting100@gmail.com, Password=cGFzc3dvcmQxMjM=, FileType=, DocumentName=xyz, TestScenario=Negative, State=, =}</td></tr><tr><th>Exception</th></tr><tr><td><div class="stacktrace">org.openqa.selenium.WebDriverException: chrome not reachable
  (Session info: chrome=86.0.4240.75)
  (Driver info: chromedriver=86.0.4240.22 (398b0743353ff36fb1b82468f63a3a93b4e2e89e-refs/branch-heads/4240@{#378}),platform=Windows NT 10.0.18362 x86_64) (WARNING: The server did not provide any stacktrace information)
Command duration or timeout: 245 milliseconds
Build info: version: &apos;2.53.1&apos;, revision: &apos;a36b8b1cd5757287168e54b817830adce9b0158d&apos;, time: &apos;2016-06-30 19:26:09&apos;
System info: host: &apos;MININT-UM25UFB&apos;, ip: &apos;10.0.75.1&apos;, os.name: &apos;Windows 10&apos;, os.arch: &apos;amd64&apos;, os.version: &apos;10.0&apos;, java.version: &apos;1.8.0_261&apos;
Driver info: org.openqa.selenium.chrome.ChromeDriver
Capabilities [{mobileEmulationEnabled=false, timeouts={implicit=0, pageLoad=300000, script=30000}, hasTouchScreen=false, platform=XP, acceptSslCerts=false, goog:chromeOptions={debuggerAddress=localhost:53969}, acceptInsecureCerts=false, webStorageEnabled=true, browserName=chrome, takesScreenshot=true, javascriptEnabled=true, setWindowRect=true, unexpectedAlertBehaviour=ignore, applicationCacheEnabled=false, rotatable=false, networkConnectionEnabled=false, chrome={chromedriverVersion=86.0.4240.22 (398b0743353ff36fb1b82468f63a3a93b4e2e89e-refs/branch-heads/4240@{#378}), userDataDir=C:\Users\Rajesh\AppData\Local\Temp\scoped_dir13776_462327152}, takesHeapSnapshot=true, pageLoadStrategy=normal, strictFileInteractability=false, databaseEnabled=false, handlesAlerts=true, version=86.0.4240.75, browserConnectionEnabled=false, proxy={}, nativeEvents=true, locationContextEnabled=true, cssSelectorsEnabled=true, webauthn:virtualAuthenticators=true}]
Session ID: 29b3533a12fd8932837641debe31f4fe
	at org.openqa.selenium.remote.ErrorHandler.createThrowable(ErrorHandler.java:206)
	at org.openqa.selenium.remote.ErrorHandler.throwIfResponseFailed(ErrorHandler.java:158)
	at org.openqa.selenium.remote.RemoteWebDriver.execute(RemoteWebDriver.java:678)
	at org.openqa.selenium.remote.RemoteWebDriver.execute(RemoteWebDriver.java:701)
	at org.openqa.selenium.remote.RemoteWebDriver.close(RemoteWebDriver.java:521)
	at com.dollardays.testcases.BaseTest.quit(BaseTest.java:162)
	at java.util.concurrent.ThreadPoolExecutor.runWorker(ThreadPoolExecutor.java:1149)
	at java.util.concurrent.ThreadPoolExecutor$Worker.run(ThreadPoolExecutor.java:624)
	at java.lang.Thread.run(Thread.java:748)
... Removed 21 stack frames</div></td></tr></table><p class="totop"><a href="#summary">back to summary</a></p>
<h3 id="m20">com.dollardays.testcases.Team2TaxExemptTestCase#ValidateTaxExemptRequiredFields</h3><table class="result"><tr class="param"><th>Parameter #1</th></tr><tr class="param stripe"><td>{TaxID=2.0, TestCase=Expiry date and State are empty, ExpiryDate=, filePath=SampleJpg.jpg, TCID=TC7, SheetName=TaxExempt, Runmode=Yes, UserName=srikanthtesting100@gmail.com, Password=cGFzc3dvcmQxMjM=, FileType=correct, DocumentName=xyz, TestScenario=Negative, State=, =}</td></tr><tr><th>Exception</th></tr><tr><td><div class="stacktrace">org.openqa.selenium.WebDriverException: chrome not reachable
  (Session info: chrome=86.0.4240.75)
  (Driver info: chromedriver=86.0.4240.22 (398b0743353ff36fb1b82468f63a3a93b4e2e89e-refs/branch-heads/4240@{#378}),platform=Windows NT 10.0.18362 x86_64) (WARNING: The server did not provide any stacktrace information)
Command duration or timeout: 245 milliseconds
Build info: version: &apos;2.53.1&apos;, revision: &apos;a36b8b1cd5757287168e54b817830adce9b0158d&apos;, time: &apos;2016-06-30 19:26:09&apos;
System info: host: &apos;MININT-UM25UFB&apos;, ip: &apos;10.0.75.1&apos;, os.name: &apos;Windows 10&apos;, os.arch: &apos;amd64&apos;, os.version: &apos;10.0&apos;, java.version: &apos;1.8.0_261&apos;
Driver info: org.openqa.selenium.chrome.ChromeDriver
Capabilities [{mobileEmulationEnabled=false, timeouts={implicit=0, pageLoad=300000, script=30000}, hasTouchScreen=false, platform=XP, acceptSslCerts=false, goog:chromeOptions={debuggerAddress=localhost:53969}, acceptInsecureCerts=false, webStorageEnabled=true, browserName=chrome, takesScreenshot=true, javascriptEnabled=true, setWindowRect=true, unexpectedAlertBehaviour=ignore, applicationCacheEnabled=false, rotatable=false, networkConnectionEnabled=false, chrome={chromedriverVersion=86.0.4240.22 (398b0743353ff36fb1b82468f63a3a93b4e2e89e-refs/branch-heads/4240@{#378}), userDataDir=C:\Users\Rajesh\AppData\Local\Temp\scoped_dir13776_462327152}, takesHeapSnapshot=true, pageLoadStrategy=normal, strictFileInteractability=false, databaseEnabled=false, handlesAlerts=true, version=86.0.4240.75, browserConnectionEnabled=false, proxy={}, nativeEvents=true, locationContextEnabled=true, cssSelectorsEnabled=true, webauthn:virtualAuthenticators=true}]
Session ID: 29b3533a12fd8932837641debe31f4fe
	at org.openqa.selenium.remote.ErrorHandler.createThrowable(ErrorHandler.java:206)
	at org.openqa.selenium.remote.ErrorHandler.throwIfResponseFailed(ErrorHandler.java:158)
	at org.openqa.selenium.remote.RemoteWebDriver.execute(RemoteWebDriver.java:678)
	at org.openqa.selenium.remote.RemoteWebDriver.execute(RemoteWebDriver.java:701)
	at org.openqa.selenium.remote.RemoteWebDriver.close(RemoteWebDriver.java:521)
	at com.dollardays.testcases.BaseTest.quit(BaseTest.java:162)
	at java.util.concurrent.ThreadPoolExecutor.runWorker(ThreadPoolExecutor.java:1149)
	at java.util.concurrent.ThreadPoolExecutor$Worker.run(ThreadPoolExecutor.java:624)
	at java.lang.Thread.run(Thread.java:748)
... Removed 21 stack frames</div></td></tr></table><p class="totop"><a href="#summary">back to summary</a></p>
<h3 id="m21">com.dollardays.testcases.DefaultPaymentMethodScript#VerifyCardVisible</h3><table class="result"><tr class="param"><th>Parameter #1</th></tr><tr class="param stripe"><td>{TestCase=VerifyCardVisible, Zip=98002, CCExpirymonth=05-May, TCID=TC2, SheetName=Default_PM, CCHolder=Mr.John, Runmode=Yes, CCExpiryYear=2021, CCV=999, UserName=srikanthtesting100@gmail.com, Password=cGFzc3dvcmQxMjM=, City=Newyork, State=Washington, Address1=123 Ave SE, CCNumber=1234123412341234, ExpectedValue=true, =}</td></tr></table><p class="totop"><a href="#summary">back to summary</a></p>
<h3 id="m22">com.dollardays.testcases.DefaultPaymentMethodScript#VerifyClickAddNewCard</h3><table class="result"><tr class="param"><th>Parameter #1</th></tr><tr class="param stripe"><td>{TestCase=VerifyClickAddNewCard, Zip=98002, CCExpirymonth=05-May, TCID=TC3, SheetName=Default_PM, CCHolder=Mr.John, Runmode=Yes, CCExpiryYear=2021, CCV=999, UserName=srikanthtesting100@gmail.com, Password=cGFzc3dvcmQxMjM=, City=Newyork, State=Washington, Address1=123 Ave SE, CCNumber=1234123412341234, ExpectedValue=false, =}</td></tr></table><p class="totop"><a href="#summary">back to summary</a></p>
<h3 id="m23">com.dollardays.testcases.DefaultPaymentMethodScript#VerifyDCEditClick</h3><table class="result"><tr class="param"><th>Parameter #1</th></tr><tr class="param stripe"><td>{TestCase=VerifyDCEditClick, Zip=98002, CCExpirymonth=05-May, TCID=TC1, SheetName=Default_PM, CCHolder=Mr.John, Runmode=Yes, CCExpiryYear=2021, CCV=999, UserName=srikanthtesting100@gmail.com, Password=cGFzc3dvcmQxMjM=, City=Newyork, State=Washington, Address1=123 Ave SE, CCNumber=1234123412341234, ExpectedValue=True, =}</td></tr></table><p class="totop"><a href="#summary">back to summary</a></p>
<h3 id="m24">com.dollardays.testcases.DefaultPaymentMethodScript#VerifyDeleteCard</h3><table class="result"><tr class="param"><th>Parameter #1</th></tr><tr class="param stripe"><td>{TestCase=VerifyEditOnCard, Zip=98002, CCExpirymonth=05-May, TCID=TC5, SheetName=Default_PM, CCHolder=Mr.John, Runmode=Yes, CCExpiryYear=2021, CCV=123, UserName=srikanthtesting100@gmail.com, Password=cGFzc3dvcmQxMjM=, City=Newyork, State=Washington, Address1=123 Ave SE, CCNumber=1234123412341234, ExpectedValue=True, =}</td></tr></table><p class="totop"><a href="#summary">back to summary</a></p>
<h3 id="m25">com.dollardays.testcases.DefaultPaymentMethodScript#VerifyEditOnCard</h3><table class="result"><tr class="param"><th>Parameter #1</th></tr><tr class="param stripe"><td>{TestCase=VerifyEditOnCard, Zip=98002, CCExpirymonth=05-May, TCID=TC5, SheetName=Default_PM, CCHolder=Mr.John, Runmode=Yes, CCExpiryYear=2021, CCV=123, UserName=srikanthtesting100@gmail.com, Password=cGFzc3dvcmQxMjM=, City=Newyork, State=Washington, Address1=123 Ave SE, CCNumber=1234123412341234, ExpectedValue=True, =}</td></tr></table><p class="totop"><a href="#summary">back to summary</a></p>
<h3 id="m26">com.dollardays.testcases.DefaultPaymentMethodScript#VerifySetDefaultCard</h3><table class="result"><tr class="param"><th>Parameter #1</th></tr><tr class="param stripe"><td>{TestCase=VerifySetDefaultCard, Zip=98002, CCExpirymonth=05-May, TCID=TC4, SheetName=Default_PM, CCHolder=Mr.John, Runmode=Yes, CCExpiryYear=2021, CCV=999, UserName=srikanthtesting100@gmail.com, Password=cGFzc3dvcmQxMjM=, City=Newyork, State=Washington, Address1=123 Ave SE, CCNumber=1234123412341234, ExpectedValue=true, =}</td></tr></table><p class="totop"><a href="#summary">back to summary</a></p>
<h3 id="m27">com.dollardays.testcases.EmailPreferencesValidationsTestCase#EmailPreferences_LinksValidation</h3><table class="result"><tr class="param"><th>Parameter #1</th></tr><tr class="param stripe"><td>{TestCase=EmailPreferences_LinksValidation, Password=cGFzc3dvcmQxMjM=, Runmode=Yes, SheetName=EmailPreferences, ExpectedValue=Policies - DollarDays, UserName=srikanthtesting100@gmail.com, TCID=TC4, =}</td></tr></table><p class="totop"><a href="#summary">back to summary</a></p>
<h3 id="m28">com.dollardays.testcases.EmailPreferencesValidationsTestCase#emailPreferences_Checkbox_Validation_AtPageLaunch</h3><table class="result"><tr class="param"><th>Parameter #1</th></tr><tr class="param stripe"><td>{TestCase=emailPreferences_Checkbox_Validation_AtPageLaunch, Password=cGFzc3dvcmQxMjM=, Runmode=Yes, SheetName=EmailPreferences, ExpectedValue=true, UserName=srikanthtesting100@gmail.com, TCID=TC2, =}</td></tr></table><p class="totop"><a href="#summary">back to summary</a></p>
<h3 id="m29">com.dollardays.testcases.EmailPreferencesValidationsTestCase#emailPreferences_UserEmailAddressValidation</h3><table class="result"><tr class="param"><th>Parameter #1</th></tr><tr class="param stripe"><td>{TestCase=emailPreferences_UserEmailAddressValidation, Password=cGFzc3dvcmQxMjM=, Runmode=Yes, SheetName=EmailPreferences, ExpectedValue=srikanthtesting100@gmail.com, UserName=srikanthtesting100@gmail.com, TCID=TC1, =}</td></tr></table><p class="totop"><a href="#summary">back to summary</a></p>
<h3 id="m30">com.dollardays.testcases.EmailPreferencesValidationsTestCase#emailPreferences_checkbox_validation_AtClick</h3><table class="result"><tr class="param"><th>Parameter #1</th></tr><tr class="param stripe"><td>{TestCase=emailPreferences_checkbox_validation_AtClick, Password=cGFzc3dvcmQxMjM=, Runmode=Yes, SheetName=EmailPreferences, ExpectedValue=false, UserName=srikanthtesting100@gmail.com, TCID=TC3, =}</td></tr></table><p class="totop"><a href="#summary">back to summary</a></p>
<h3 id="m31">com.dollardays.testcases.EmailPreferencesValidationsTestCase#termAndConditionsPage_LinksValidation</h3><table class="result"><tr class="param"><th>Parameter #1</th></tr><tr class="param stripe"><td>{TestCase=termAndConditionsPage_LinksValidation, Password=cGFzc3dvcmQxMjM=, Runmode=Yes, SheetName=EmailPreferences, ExpectedValue=, UserName=srikanthtesting100@gmail.com, TCID=TC5, =}</td></tr></table><p class="totop"><a href="#summary">back to summary</a></p>
<h3 id="m32">com.dollardays.testcases.Team2TaxExemptTestCase#ValidateTaxExemptRequiredFields</h3><table class="result"><tr class="param"><th>Parameter #1</th></tr><tr class="param stripe"><td>{TaxID=, TestCase=Tax Exempt all required  fields empty , ExpiryDate=, filePath=, TCID=TC1, SheetName=TaxExempt, Runmode=Yes, UserName=srikanthtesting100@gmail.com, Password=cGFzc3dvcmQxMjM=, FileType=, DocumentName=xyz, TestScenario=Negative, State=, =}</td></tr></table><p class="totop"><a href="#summary">back to summary</a></p>
<h3 id="m33">com.dollardays.testcases.Team2TaxExemptTestCase#ValidateTaxExemptRequiredFields</h3><table class="result"><tr class="param"><th>Parameter #1</th></tr><tr class="param stripe"><td>{TaxID=0.0, TestCase=Except TaxID all required fields empty, ExpiryDate=, filePath=, TCID=TC2, SheetName=TaxExempt, Runmode=Yes, UserName=srikanthtesting100@gmail.com, Password=cGFzc3dvcmQxMjM=, FileType=, DocumentName=xyz, TestScenario=Negative, State=, =}</td></tr></table><p class="totop"><a href="#summary">back to summary</a></p>
</body>
</html>
