<!DOCTYPE html>

<html>
  <head>
  <meta charset='utf-8'>
  <title>TestNG reports</title>

    <link type="text/css" href="testng-reports1.css" rel="stylesheet" id="ultra" />
    <link type="text/css" href="testng-reports.css" rel="stylesheet" id="retro" disabled="false"/>
    <script type="text/javascript" src="jquery-3.4.1.min.js"></script>
    <script type="text/javascript" src="testng-reports.js"></script>
    <script type="text/javascript" src="https://www.google.com/jsapi"></script>
    <script type='text/javascript'>
      google.load('visualization', '1', {packages:['table']});
      google.setOnLoadCallback(drawTable);
      var suiteTableInitFunctions = new Array();
      var suiteTableData = new Array();
    </script>
    <!--
      <script type="text/javascript" src="jquery-ui/js/jquery-ui-1.8.16.custom.min.js"></script>
     -->
  </head>

  <body>
    <div class="top-banner-root">
      <span class="top-banner-title-font">Test results</span>
      <button class="button" id="button">Switch Retro Theme</button> <!-- button -->
      <br/>
      <span class="top-banner-font-1">1 suite, 6 failed tests</span>
    </div> <!-- top-banner-root -->
    <div class="navigator-root">
      <div class="navigator-suite-header">
        <span>All suites</span>
        <a href="#" class="collapse-all-link" title="Collapse/expand all the suites">
          <img class="collapse-all-icon" src="collapseall.gif">
          </img> <!-- collapse-all-icon -->
        </a> <!-- collapse-all-link -->
      </div> <!-- navigator-suite-header -->
      <div class="suite">
        <div class="rounded-window">
          <div class="suite-header light-rounded-window-top">
            <a href="#" class="navigator-link" panel-name="suite-Parallel_Class_Runs">
              <span class="suite-name border-failed">Parallel Class Runs</span>
            </a> <!-- navigator-link -->
          </div> <!-- suite-header light-rounded-window-top -->
          <div class="navigator-suite-content">
            <div class="suite-section-title">
              <span>Info</span>
            </div> <!-- suite-section-title -->
            <div class="suite-section-content">
              <ul>
                <li>
                  <a href="#" class="navigator-link " panel-name="test-xml-Parallel_Class_Runs">
                    <span>C:\Vidya_Git_Backup_DDProject\Team2TaxExempt\config\Team2TaxExempt.xml</span>
                  </a> <!-- navigator-link  -->
                </li>
                <li>
                  <a href="#" class="navigator-link " panel-name="testlist-Parallel_Class_Runs">
                    <span class="test-stats">1 test</span>
                  </a> <!-- navigator-link  -->
                </li>
                <li>
                  <a href="#" class="navigator-link " panel-name="group-Parallel_Class_Runs">
                    <span>0 groups</span>
                  </a> <!-- navigator-link  -->
                </li>
                <li>
                  <a href="#" class="navigator-link " panel-name="times-Parallel_Class_Runs">
                    <span>Times</span>
                  </a> <!-- navigator-link  -->
                </li>
                <li>
                  <a href="#" class="navigator-link " panel-name="reporter-Parallel_Class_Runs">
                    <span>Reporter output</span>
                  </a> <!-- navigator-link  -->
                </li>
                <li>
                  <a href="#" class="navigator-link " panel-name="ignored-methods-Parallel_Class_Runs">
                    <span>Ignored methods</span>
                  </a> <!-- navigator-link  -->
                </li>
                <li>
                  <a href="#" class="navigator-link " panel-name="chronological-Parallel_Class_Runs">
                    <span>Chronological view</span>
                  </a> <!-- navigator-link  -->
                </li>
              </ul>
            </div> <!-- suite-section-content -->
            <div class="result-section">
              <div class="suite-section-title">
                <span>Results</span>
              </div> <!-- suite-section-title -->
              <div class="suite-section-content">
                <ul>
                  <li>
                    <span class="method-stats">20 methods, 6 failed,  9 skipped,  5 passed</span>
                  </li>
                  <li>
                    <span class="method-list-title failed">Failed methods</span>
                    <span class="show-or-hide-methods failed">
                      <a href="#" panel-name="suite-Parallel_Class_Runs" class="hide-methods failed suite-Parallel_Class_Runs"> (hide)</a> <!-- hide-methods failed suite-Parallel_Class_Runs -->
                      <a href="#" panel-name="suite-Parallel_Class_Runs" class="show-methods failed suite-Parallel_Class_Runs"> (show)</a> <!-- show-methods failed suite-Parallel_Class_Runs -->
                    </span>
                    <div class="method-list-content failed suite-Parallel_Class_Runs">
                      <span>
                        <img width="3%" src="failed.png"/>
                        <a href="#" class="method navigator-link" panel-name="suite-Parallel_Class_Runs" title="com.dollardays.testcases.DefaultPaymentMethodScript" hash-for-method="VerifyCardVisible({TestCase=VerifyCardVisible, Zip=98002, CCExpirymonth=05-May, TCID=TC2, SheetName=Default_PM, CCHold...)">VerifyCardVisible({TestCase=VerifyCardVisible, Zip=98002, CCExpirymonth=05-May, TCID=TC2, SheetName=Default_PM, CCHold...)</a> <!-- method navigator-link -->
                      </span>
                      <br/>
                      <span>
                        <img width="3%" src="failed.png"/>
                        <a href="#" class="method navigator-link" panel-name="suite-Parallel_Class_Runs" title="com.dollardays.testcases.DefaultPaymentMethodScript" hash-for-method="VerifyClickAddNewCard({TestCase=VerifyClickAddNewCard, Zip=98002, CCExpirymonth=05-May, TCID=TC3, SheetName=Default_PM, CC...)">VerifyClickAddNewCard({TestCase=VerifyClickAddNewCard, Zip=98002, CCExpirymonth=05-May, TCID=TC3, SheetName=Default_PM, CC...)</a> <!-- method navigator-link -->
                      </span>
                      <br/>
                      <span>
                        <img width="3%" src="failed.png"/>
                        <a href="#" class="method navigator-link" panel-name="suite-Parallel_Class_Runs" title="com.dollardays.testcases.DefaultPaymentMethodScript" hash-for-method="VerifyDCEditClick({TestCase=VerifyDCEditClick, Zip=98002, CCExpirymonth=05-May, TCID=TC1, SheetName=Default_PM, CCHold...)">VerifyDCEditClick({TestCase=VerifyDCEditClick, Zip=98002, CCExpirymonth=05-May, TCID=TC1, SheetName=Default_PM, CCHold...)</a> <!-- method navigator-link -->
                      </span>
                      <br/>
                      <span>
                        <img width="3%" src="failed.png"/>
                        <a href="#" class="method navigator-link" panel-name="suite-Parallel_Class_Runs" title="com.dollardays.testcases.EmailPreferencesValidationsTestCase" hash-for-method="emailPreferences_Checkbox_Validation_AtPageLaunch({TestCase=emailPreferences_Checkbox_Validation_AtPageLaunch, Password=cGFzc3dvcmQxMjM=, Runmode=Yes,...)">emailPreferences_Checkbox_Validation_AtPageLaunch({TestCase=emailPreferences_Checkbox_Validation_AtPageLaunch, Password=cGFzc3dvcmQxMjM=, Runmode=Yes,...)</a> <!-- method navigator-link -->
                      </span>
                      <br/>
                      <span>
                        <img width="3%" src="failed.png"/>
                        <a href="#" class="method navigator-link" panel-name="suite-Parallel_Class_Runs" title="com.dollardays.testcases.EmailPreferencesValidationsTestCase" hash-for-method="emailPreferences_UserEmailAddressValidation({TestCase=emailPreferences_UserEmailAddressValidation, Password=cGFzc3dvcmQxMjM=, Runmode=Yes, Sheet...)">emailPreferences_UserEmailAddressValidation({TestCase=emailPreferences_UserEmailAddressValidation, Password=cGFzc3dvcmQxMjM=, Runmode=Yes, Sheet...)</a> <!-- method navigator-link -->
                      </span>
                      <br/>
                      <span>
                        <img width="3%" src="failed.png"/>
                        <a href="#" class="method navigator-link" panel-name="suite-Parallel_Class_Runs" title="com.dollardays.testcases.EmailPreferencesValidationsTestCase" hash-for-method="emailPreferences_checkbox_validation_AtClick({TestCase=emailPreferences_checkbox_validation_AtClick, Password=cGFzc3dvcmQxMjM=, Runmode=Yes, Shee...)">emailPreferences_checkbox_validation_AtClick({TestCase=emailPreferences_checkbox_validation_AtClick, Password=cGFzc3dvcmQxMjM=, Runmode=Yes, Shee...)</a> <!-- method navigator-link -->
                      </span>
                      <br/>
                    </div> <!-- method-list-content failed suite-Parallel_Class_Runs -->
                  </li>
                  <li>
                    <span class="method-list-title skipped">Skipped methods</span>
                    <span class="show-or-hide-methods skipped">
                      <a href="#" panel-name="suite-Parallel_Class_Runs" class="hide-methods skipped suite-Parallel_Class_Runs"> (hide)</a> <!-- hide-methods skipped suite-Parallel_Class_Runs -->
                      <a href="#" panel-name="suite-Parallel_Class_Runs" class="show-methods skipped suite-Parallel_Class_Runs"> (show)</a> <!-- show-methods skipped suite-Parallel_Class_Runs -->
                    </span>
                    <div class="method-list-content skipped suite-Parallel_Class_Runs">
                      <span>
                        <img width="3%" src="skipped.png"/>
                        <a href="#" class="method navigator-link" panel-name="suite-Parallel_Class_Runs" title="com.dollardays.testcases.Team2TaxExemptTestCase" hash-for-method="ValidateTaxExemptRequiredFields({TaxID=, TestCase=Except expiry date all required fields empty, ExpiryDate=08/19/2022, filePath=, TC...)">ValidateTaxExemptRequiredFields({TaxID=, TestCase=Except expiry date all required fields empty, ExpiryDate=08/19/2022, filePath=, TC...)</a> <!-- method navigator-link -->
                      </span>
                      <br/>
                      <span>
                        <img width="3%" src="skipped.png"/>
                        <a href="#" class="method navigator-link" panel-name="suite-Parallel_Class_Runs" title="com.dollardays.testcases.Team2TaxExemptTestCase" hash-for-method="ValidateTaxExemptRequiredFields({TaxID=, TestCase=State and TaxId empty, ExpiryDate=09/19/2022, filePath=SampleJpg.jpg, TCID=TC6, Sh...)">ValidateTaxExemptRequiredFields({TaxID=, TestCase=State and TaxId empty, ExpiryDate=09/19/2022, filePath=SampleJpg.jpg, TCID=TC6, Sh...)</a> <!-- method navigator-link -->
                      </span>
                      <br/>
                      <span>
                        <img width="3%" src="skipped.png"/>
                        <a href="#" class="method navigator-link" panel-name="suite-Parallel_Class_Runs" title="com.dollardays.testcases.Team2TaxExemptTestCase" hash-for-method="ValidateTaxExemptRequiredFields({TaxID=, TestCase=validate wrong file type, ExpiryDate=, filePath=TaxCertificate for DollarDays.txt,...)">ValidateTaxExemptRequiredFields({TaxID=, TestCase=validate wrong file type, ExpiryDate=, filePath=TaxCertificate for DollarDays.txt,...)</a> <!-- method navigator-link -->
                      </span>
                      <br/>
                      <span>
                        <img width="3%" src="skipped.png"/>
                        <a href="#" class="method navigator-link" panel-name="suite-Parallel_Class_Runs" title="com.dollardays.testcases.Team2TaxExemptTestCase" hash-for-method="ValidateTaxExemptRequiredFields({TaxID=, TestCase=Tax Exempt all required  fields empty , ExpiryDate=, filePath=, TCID=TC1, SheetNam...)">ValidateTaxExemptRequiredFields({TaxID=, TestCase=Tax Exempt all required  fields empty , ExpiryDate=, filePath=, TCID=TC1, SheetNam...)</a> <!-- method navigator-link -->
                      </span>
                      <br/>
                      <span>
                        <img width="3%" src="skipped.png"/>
                        <a href="#" class="method navigator-link" panel-name="suite-Parallel_Class_Runs" title="com.dollardays.testcases.Team2TaxExemptTestCase" hash-for-method="ValidateTaxExemptRequiredFields({TaxID=1.0, TestCase=Except TaxID and State all required fields empty , ExpiryDate=, filePath=, TCID...)">ValidateTaxExemptRequiredFields({TaxID=1.0, TestCase=Except TaxID and State all required fields empty , ExpiryDate=, filePath=, TCID...)</a> <!-- method navigator-link -->
                      </span>
                      <br/>
                      <span>
                        <img width="3%" src="skipped.png"/>
                        <a href="#" class="method navigator-link" panel-name="suite-Parallel_Class_Runs" title="com.dollardays.testcases.Team2TaxExemptTestCase" hash-for-method="ValidateTaxExemptRequiredFields({TaxID=0.0, TestCase=Except TaxID all required fields empty, ExpiryDate=, filePath=, TCID=TC2, Sheet...)">ValidateTaxExemptRequiredFields({TaxID=0.0, TestCase=Except TaxID all required fields empty, ExpiryDate=, filePath=, TCID=TC2, Sheet...)</a> <!-- method navigator-link -->
                      </span>
                      <br/>
                      <span>
                        <img width="3%" src="skipped.png"/>
                        <a href="#" class="method navigator-link" panel-name="suite-Parallel_Class_Runs" title="com.dollardays.testcases.Team2TaxExemptTestCase" hash-for-method="ValidateTaxExemptRequiredFields({TaxID=, TestCase=Except State all required fields empty, ExpiryDate=, filePath=, TCID=TC3, SheetNam...)">ValidateTaxExemptRequiredFields({TaxID=, TestCase=Except State all required fields empty, ExpiryDate=, filePath=, TCID=TC3, SheetNam...)</a> <!-- method navigator-link -->
                      </span>
                      <br/>
                      <span>
                        <img width="3%" src="skipped.png"/>
                        <a href="#" class="method navigator-link" panel-name="suite-Parallel_Class_Runs" title="com.dollardays.testcases.Team2TaxExemptTestCase" hash-for-method="ValidateTaxExemptRequiredFields({TaxID=2.0, TestCase=Expiry date and State are empty, ExpiryDate=, filePath=SampleJpg.jpg, TCID=TC7,...)">ValidateTaxExemptRequiredFields({TaxID=2.0, TestCase=Expiry date and State are empty, ExpiryDate=, filePath=SampleJpg.jpg, TCID=TC7,...)</a> <!-- method navigator-link -->
                      </span>
                      <br/>
                      <span>
                        <img width="3%" src="skipped.png"/>
                        <a href="#" class="method navigator-link" panel-name="suite-Parallel_Class_Runs" title="com.dollardays.testcases.Team2TaxExemptTestCase" hash-for-method="ValidateTaxExemptRequiredFields({TaxID=3.0, TestCase=Tax exempt form all required fields are filled, ExpiryDate=08/19/2022, filePath...)">ValidateTaxExemptRequiredFields({TaxID=3.0, TestCase=Tax exempt form all required fields are filled, ExpiryDate=08/19/2022, filePath...)</a> <!-- method navigator-link -->
                      </span>
                      <br/>
                    </div> <!-- method-list-content skipped suite-Parallel_Class_Runs -->
                  </li>
                  <li>
                    <span class="method-list-title passed">Passed methods</span>
                    <span class="show-or-hide-methods passed">
                      <a href="#" panel-name="suite-Parallel_Class_Runs" class="hide-methods passed suite-Parallel_Class_Runs"> (hide)</a> <!-- hide-methods passed suite-Parallel_Class_Runs -->
                      <a href="#" panel-name="suite-Parallel_Class_Runs" class="show-methods passed suite-Parallel_Class_Runs"> (show)</a> <!-- show-methods passed suite-Parallel_Class_Runs -->
                    </span>
                    <div class="method-list-content passed suite-Parallel_Class_Runs">
                      <span>
                        <img width="3%" src="passed.png"/>
                        <a href="#" class="method navigator-link" panel-name="suite-Parallel_Class_Runs" title="com.dollardays.testcases.EmailPreferencesValidationsTestCase" hash-for-method="EmailPreferences_LinksValidation({TestCase=EmailPreferences_LinksValidation, Password=cGFzc3dvcmQxMjM=, Runmode=Yes, SheetName=EmailP...)">EmailPreferences_LinksValidation({TestCase=EmailPreferences_LinksValidation, Password=cGFzc3dvcmQxMjM=, Runmode=Yes, SheetName=EmailP...)</a> <!-- method navigator-link -->
                      </span>
                      <br/>
                      <span>
                        <img width="3%" src="passed.png"/>
                        <a href="#" class="method navigator-link" panel-name="suite-Parallel_Class_Runs" title="com.dollardays.testcases.DefaultPaymentMethodScript" hash-for-method="VerifyDeleteCard({TestCase=VerifyEditOnCard, Zip=98002, CCExpirymonth=05-May, TCID=TC5, SheetName=Default_PM, CCHolde...)">VerifyDeleteCard({TestCase=VerifyEditOnCard, Zip=98002, CCExpirymonth=05-May, TCID=TC5, SheetName=Default_PM, CCHolde...)</a> <!-- method navigator-link -->
                      </span>
                      <br/>
                      <span>
                        <img width="3%" src="passed.png"/>
                        <a href="#" class="method navigator-link" panel-name="suite-Parallel_Class_Runs" title="com.dollardays.testcases.DefaultPaymentMethodScript" hash-for-method="VerifyEditOnCard({TestCase=VerifyEditOnCard, Zip=98002, CCExpirymonth=05-May, TCID=TC5, SheetName=Default_PM, CCHolde...)">VerifyEditOnCard({TestCase=VerifyEditOnCard, Zip=98002, CCExpirymonth=05-May, TCID=TC5, SheetName=Default_PM, CCHolde...)</a> <!-- method navigator-link -->
                      </span>
                      <br/>
                      <span>
                        <img width="3%" src="passed.png"/>
                        <a href="#" class="method navigator-link" panel-name="suite-Parallel_Class_Runs" title="com.dollardays.testcases.DefaultPaymentMethodScript" hash-for-method="VerifySetDefaultCard({TestCase=VerifySetDefaultCard, Zip=98002, CCExpirymonth=05-May, TCID=TC4, SheetName=Default_PM, CCH...)">VerifySetDefaultCard({TestCase=VerifySetDefaultCard, Zip=98002, CCExpirymonth=05-May, TCID=TC4, SheetName=Default_PM, CCH...)</a> <!-- method navigator-link -->
                      </span>
                      <br/>
                      <span>
                        <img width="3%" src="passed.png"/>
                        <a href="#" class="method navigator-link" panel-name="suite-Parallel_Class_Runs" title="com.dollardays.testcases.EmailPreferencesValidationsTestCase" hash-for-method="termAndConditionsPage_LinksValidation({TestCase=termAndConditionsPage_LinksValidation, Password=cGFzc3dvcmQxMjM=, Runmode=Yes, SheetName=E...)">termAndConditionsPage_LinksValidation({TestCase=termAndConditionsPage_LinksValidation, Password=cGFzc3dvcmQxMjM=, Runmode=Yes, SheetName=E...)</a> <!-- method navigator-link -->
                      </span>
                      <br/>
                    </div> <!-- method-list-content passed suite-Parallel_Class_Runs -->
                  </li>
                </ul>
              </div> <!-- suite-section-content -->
            </div> <!-- result-section -->
          </div> <!-- navigator-suite-content -->
        </div> <!-- rounded-window -->
      </div> <!-- suite -->
    </div> <!-- navigator-root -->
    <div class="wrapper">
      <div class="main-panel-root">
        <div panel-name="suite-Parallel_Class_Runs" class="panel Parallel_Class_Runs">
          <div class="suite-Parallel_Class_Runs-class-failed">
            <div class="main-panel-header rounded-window-top">
              <img src="failed.png"/>
              <span class="class-name">com.dollardays.testcases.DefaultPaymentMethodScript</span>
            </div> <!-- main-panel-header rounded-window-top -->
            <div class="main-panel-content rounded-window-bottom">
              <div class="method">
                <div class="method-content">
                  <a name="VerifyCardVisible({TestCase=VerifyCardVisible, Zip=98002, CCExpirymonth=05-May, TCID=TC2, SheetName=Default_PM, CCHold...)">
                  </a> <!-- VerifyCardVisible({TestCase=VerifyCardVisible, Zip=98002, CCExpirymonth=05-May, TCID=TC2, SheetName=Default_PM, CCHold...) -->
                  <span class="method-name">VerifyCardVisible</span>
                  <span class="parameters">({TestCase=VerifyCardVisible, Zip=98002, CCExpirymonth=05-May, TCID=TC2, SheetName=Default_PM, CCHolder=Mr.John, Runmode=Yes, CCExpiryYear=2021, CCV=999, UserName=srikanthtesting100@gmail.com, Password=cGFzc3dvcmQxMjM=, City=Newyork, State=Washington, Address1=123 Ave SE, CCNumber=1234123412341234, ExpectedValue=true, =})</span>
                  <div class="stack-trace">org.openqa.selenium.ElementNotVisibleException: element not interactable
  (Session info: chrome=86.0.4240.75)
  (Driver info: chromedriver=85.0.4183.87 (cd6713ebf92fa1cacc0f1a598df280093af0c5d7-refs/branch-heads/4183@{#1689}),platform=Windows NT 10.0.18362 x86_64) (WARNING: The server did not provide any stacktrace information)
Command duration or timeout: 17 milliseconds
Build info: version: &apos;2.53.1&apos;, revision: &apos;a36b8b1cd5757287168e54b817830adce9b0158d&apos;, time: &apos;2016-06-30 19:26:09&apos;
System info: host: &apos;MININT-UM25UFB&apos;, ip: &apos;10.0.75.1&apos;, os.name: &apos;Windows 10&apos;, os.arch: &apos;amd64&apos;, os.version: &apos;10.0&apos;, java.version: &apos;1.8.0_261&apos;
Driver info: org.openqa.selenium.chrome.ChromeDriver
Capabilities [{mobileEmulationEnabled=false, timeouts={implicit=0, pageLoad=300000, script=30000}, hasTouchScreen=false, platform=XP, acceptSslCerts=false, goog:chromeOptions={debuggerAddress=localhost:51707}, acceptInsecureCerts=false, webStorageEnabled=true, browserName=chrome, takesScreenshot=true, javascriptEnabled=true, setWindowRect=true, unexpectedAlertBehaviour=ignore, applicationCacheEnabled=false, rotatable=false, networkConnectionEnabled=false, chrome={chromedriverVersion=85.0.4183.87 (cd6713ebf92fa1cacc0f1a598df280093af0c5d7-refs/branch-heads/4183@{#1689}), userDataDir=C:\Users\Rajesh\AppData\Local\Temp\scoped_dir11072_781351643}, takesHeapSnapshot=true, pageLoadStrategy=normal, strictFileInteractability=false, databaseEnabled=false, handlesAlerts=true, version=86.0.4240.75, browserConnectionEnabled=false, proxy={}, nativeEvents=true, locationContextEnabled=true, cssSelectorsEnabled=true, webauthn:virtualAuthenticators=true}]
Session ID: de5fcdae865b1bdf4732400395f37c16
	at org.openqa.selenium.remote.ErrorHandler.createThrowable(ErrorHandler.java:206)
	at org.openqa.selenium.remote.ErrorHandler.throwIfResponseFailed(ErrorHandler.java:158)
	at org.openqa.selenium.remote.RemoteWebDriver.execute(RemoteWebDriver.java:678)
	at org.openqa.selenium.remote.RemoteWebElement.execute(RemoteWebElement.java:327)
	at org.openqa.selenium.remote.RemoteWebElement.click(RemoteWebElement.java:85)
	at org.openqa.selenium.support.pagefactory.internal.LocatingElementHandler.invoke(LocatingElementHandler.java:51)
	at com.sun.proxy.$Proxy12.click(Unknown Source)
	at com.dollardays.pages.DefaultPaymentMethodPage.click_User_Dropdown_Toggle_Accounts(DefaultPaymentMethodPage.java:115)
	at com.dollardays.testcases.DefaultPaymentMethodScript.VerifyCardVisible(DefaultPaymentMethodScript.java:70)
	at java.util.concurrent.ThreadPoolExecutor.runWorker(ThreadPoolExecutor.java:1149)
	at java.util.concurrent.ThreadPoolExecutor$Worker.run(ThreadPoolExecutor.java:624)
	at java.lang.Thread.run(Thread.java:748)
... Removed 20 stack frames
</div> <!-- stack-trace -->
                </div> <!-- method-content -->
              </div> <!-- method -->
              <div class="method">
                <div class="method-content">
                  <a name="VerifyClickAddNewCard({TestCase=VerifyClickAddNewCard, Zip=98002, CCExpirymonth=05-May, TCID=TC3, SheetName=Default_PM, CC...)">
                  </a> <!-- VerifyClickAddNewCard({TestCase=VerifyClickAddNewCard, Zip=98002, CCExpirymonth=05-May, TCID=TC3, SheetName=Default_PM, CC...) -->
                  <span class="method-name">VerifyClickAddNewCard</span>
                  <span class="parameters">({TestCase=VerifyClickAddNewCard, Zip=98002, CCExpirymonth=05-May, TCID=TC3, SheetName=Default_PM, CCHolder=Mr.John, Runmode=Yes, CCExpiryYear=2021, CCV=999, UserName=srikanthtesting100@gmail.com, Password=cGFzc3dvcmQxMjM=, City=Newyork, State=Washington, Address1=123 Ave SE, CCNumber=1234123412341234, ExpectedValue=false, =})</span>
                  <div class="stack-trace">java.lang.AssertionError:  Successfully Logged into the HomePage expected [DollarDays | Bulk Goods for Nonprofits, Businesses &amp; Schools | Wholesale Products] but found [Login or Register - DollarDays]
	at com.dollardays.pages.LoginPage.login(LoginPage.java:86)
	at com.dollardays.testcases.DefaultPaymentMethodScript.VerifyClickAddNewCard(DefaultPaymentMethodScript.java:103)
	at java.util.concurrent.ThreadPoolExecutor.runWorker(ThreadPoolExecutor.java:1149)
	at java.util.concurrent.ThreadPoolExecutor$Worker.run(ThreadPoolExecutor.java:624)
	at java.lang.Thread.run(Thread.java:748)
... Removed 17 stack frames
</div> <!-- stack-trace -->
                </div> <!-- method-content -->
              </div> <!-- method -->
              <div class="method">
                <div class="method-content">
                  <a name="VerifyDCEditClick({TestCase=VerifyDCEditClick, Zip=98002, CCExpirymonth=05-May, TCID=TC1, SheetName=Default_PM, CCHold...)">
                  </a> <!-- VerifyDCEditClick({TestCase=VerifyDCEditClick, Zip=98002, CCExpirymonth=05-May, TCID=TC1, SheetName=Default_PM, CCHold...) -->
                  <span class="method-name">VerifyDCEditClick</span>
                  <span class="parameters">({TestCase=VerifyDCEditClick, Zip=98002, CCExpirymonth=05-May, TCID=TC1, SheetName=Default_PM, CCHolder=Mr.John, Runmode=Yes, CCExpiryYear=2021, CCV=999, UserName=srikanthtesting100@gmail.com, Password=cGFzc3dvcmQxMjM=, City=Newyork, State=Washington, Address1=123 Ave SE, CCNumber=1234123412341234, ExpectedValue=True, =})</span>
                  <div class="stack-trace">java.lang.AssertionError:  Successfully Logged into the HomePage expected [DollarDays | Bulk Goods for Nonprofits, Businesses &amp; Schools | Wholesale Products] but found [Login or Register - DollarDays]
	at com.dollardays.pages.LoginPage.login(LoginPage.java:86)
	at com.dollardays.testcases.DefaultPaymentMethodScript.VerifyDCEditClick(DefaultPaymentMethodScript.java:29)
	at java.util.concurrent.ThreadPoolExecutor.runWorker(ThreadPoolExecutor.java:1149)
	at java.util.concurrent.ThreadPoolExecutor$Worker.run(ThreadPoolExecutor.java:624)
	at java.lang.Thread.run(Thread.java:748)
... Removed 17 stack frames
</div> <!-- stack-trace -->
                </div> <!-- method-content -->
              </div> <!-- method -->
            </div> <!-- main-panel-content rounded-window-bottom -->
          </div> <!-- suite-Parallel_Class_Runs-class-failed -->
          <div class="suite-Parallel_Class_Runs-class-failed">
            <div class="main-panel-header rounded-window-top">
              <img src="failed.png"/>
              <span class="class-name">com.dollardays.testcases.EmailPreferencesValidationsTestCase</span>
            </div> <!-- main-panel-header rounded-window-top -->
            <div class="main-panel-content rounded-window-bottom">
              <div class="method">
                <div class="method-content">
                  <a name="emailPreferences_Checkbox_Validation_AtPageLaunch({TestCase=emailPreferences_Checkbox_Validation_AtPageLaunch, Password=cGFzc3dvcmQxMjM=, Runmode=Yes,...)">
                  </a> <!-- emailPreferences_Checkbox_Validation_AtPageLaunch({TestCase=emailPreferences_Checkbox_Validation_AtPageLaunch, Password=cGFzc3dvcmQxMjM=, Runmode=Yes,...) -->
                  <span class="method-name">emailPreferences_Checkbox_Validation_AtPageLaunch</span>
                  <span class="parameters">({TestCase=emailPreferences_Checkbox_Validation_AtPageLaunch, Password=cGFzc3dvcmQxMjM=, Runmode=Yes, SheetName=EmailPreferences, ExpectedValue=true, UserName=srikanthtesting100@gmail.com, TCID=TC2, =})</span>
                  <div class="stack-trace">org.openqa.selenium.NoSuchElementException: no such element: Unable to locate element: {&quot;method&quot;:&quot;xpath&quot;,&quot;selector&quot;:&quot;//input[@id=&apos;ctl00_cphContent_chkOptinBox1&apos;]&quot;}
  (Session info: chrome=86.0.4240.75)
  (Driver info: chromedriver=85.0.4183.87 (cd6713ebf92fa1cacc0f1a598df280093af0c5d7-refs/branch-heads/4183@{#1689}),platform=Windows NT 10.0.18362 x86_64) (WARNING: The server did not provide any stacktrace information)
Command duration or timeout: 13 milliseconds
For documentation on this error, please visit: http://seleniumhq.org/exceptions/no_such_element.html
Build info: version: &apos;2.53.1&apos;, revision: &apos;a36b8b1cd5757287168e54b817830adce9b0158d&apos;, time: &apos;2016-06-30 19:26:09&apos;
System info: host: &apos;MININT-UM25UFB&apos;, ip: &apos;10.0.75.1&apos;, os.name: &apos;Windows 10&apos;, os.arch: &apos;amd64&apos;, os.version: &apos;10.0&apos;, java.version: &apos;1.8.0_261&apos;
Driver info: org.openqa.selenium.chrome.ChromeDriver
Capabilities [{mobileEmulationEnabled=false, timeouts={implicit=0, pageLoad=300000, script=30000}, hasTouchScreen=false, platform=XP, acceptSslCerts=false, goog:chromeOptions={debuggerAddress=localhost:51717}, acceptInsecureCerts=false, webStorageEnabled=true, browserName=chrome, takesScreenshot=true, javascriptEnabled=true, setWindowRect=true, unexpectedAlertBehaviour=ignore, applicationCacheEnabled=false, rotatable=false, networkConnectionEnabled=false, chrome={chromedriverVersion=85.0.4183.87 (cd6713ebf92fa1cacc0f1a598df280093af0c5d7-refs/branch-heads/4183@{#1689}), userDataDir=C:\Users\Rajesh\AppData\Local\Temp\scoped_dir22408_89247719}, takesHeapSnapshot=true, pageLoadStrategy=normal, strictFileInteractability=false, databaseEnabled=false, handlesAlerts=true, version=86.0.4240.75, browserConnectionEnabled=false, proxy={}, nativeEvents=true, locationContextEnabled=true, cssSelectorsEnabled=true, webauthn:virtualAuthenticators=true}]
Session ID: a0ce0265922227e0065273cd0eb84188
*** Element info: {Using=xpath, value=//input[@id=&apos;ctl00_cphContent_chkOptinBox1&apos;]}
	at org.openqa.selenium.remote.ErrorHandler.createThrowable(ErrorHandler.java:206)
	at org.openqa.selenium.remote.ErrorHandler.throwIfResponseFailed(ErrorHandler.java:158)
	at org.openqa.selenium.remote.RemoteWebDriver.execute(RemoteWebDriver.java:678)
	at org.openqa.selenium.remote.RemoteWebDriver.findElement(RemoteWebDriver.java:363)
	at org.openqa.selenium.remote.RemoteWebDriver.findElementByXPath(RemoteWebDriver.java:500)
	at org.openqa.selenium.By$ByXPath.findElement(By.java:361)
	at org.openqa.selenium.remote.RemoteWebDriver.findElement(RemoteWebDriver.java:355)
	at org.openqa.selenium.support.pagefactory.DefaultElementLocator.findElement(DefaultElementLocator.java:69)
	at org.openqa.selenium.support.pagefactory.internal.LocatingElementHandler.invoke(LocatingElementHandler.java:38)
	at com.sun.proxy.$Proxy12.isSelected(Unknown Source)
	at com.dollardays.testcases.EmailPreferencesValidationsTestCase.emailPreferences_Checkbox_Validation_AtPageLaunch(EmailPreferencesValidationsTestCase.java:135)
	at java.util.concurrent.ThreadPoolExecutor.runWorker(ThreadPoolExecutor.java:1149)
	at java.util.concurrent.ThreadPoolExecutor$Worker.run(ThreadPoolExecutor.java:624)
	at java.lang.Thread.run(Thread.java:748)
... Removed 16 stack frames
</div> <!-- stack-trace -->
                </div> <!-- method-content -->
              </div> <!-- method -->
              <div class="method">
                <div class="method-content">
                  <a name="emailPreferences_UserEmailAddressValidation({TestCase=emailPreferences_UserEmailAddressValidation, Password=cGFzc3dvcmQxMjM=, Runmode=Yes, Sheet...)">
                  </a> <!-- emailPreferences_UserEmailAddressValidation({TestCase=emailPreferences_UserEmailAddressValidation, Password=cGFzc3dvcmQxMjM=, Runmode=Yes, Sheet...) -->
                  <span class="method-name">emailPreferences_UserEmailAddressValidation</span>
                  <span class="parameters">({TestCase=emailPreferences_UserEmailAddressValidation, Password=cGFzc3dvcmQxMjM=, Runmode=Yes, SheetName=EmailPreferences, ExpectedValue=srikanthtesting100@gmail.com, UserName=srikanthtesting100@gmail.com, TCID=TC1, =})</span>
                  <div class="stack-trace">java.lang.AssertionError:  Successfully Logged into the HomePage expected [DollarDays | Bulk Goods for Nonprofits, Businesses &amp; Schools | Wholesale Products] but found [Login or Register - DollarDays]
	at com.dollardays.pages.LoginPage.login(LoginPage.java:86)
	at com.dollardays.testcases.EmailPreferencesValidationsTestCase.emailPreferences_UserEmailAddressValidation(EmailPreferencesValidationsTestCase.java:42)
	at java.util.concurrent.ThreadPoolExecutor.runWorker(ThreadPoolExecutor.java:1149)
	at java.util.concurrent.ThreadPoolExecutor$Worker.run(ThreadPoolExecutor.java:624)
	at java.lang.Thread.run(Thread.java:748)
... Removed 17 stack frames
</div> <!-- stack-trace -->
                </div> <!-- method-content -->
              </div> <!-- method -->
              <div class="method">
                <div class="method-content">
                  <a name="emailPreferences_checkbox_validation_AtClick({TestCase=emailPreferences_checkbox_validation_AtClick, Password=cGFzc3dvcmQxMjM=, Runmode=Yes, Shee...)">
                  </a> <!-- emailPreferences_checkbox_validation_AtClick({TestCase=emailPreferences_checkbox_validation_AtClick, Password=cGFzc3dvcmQxMjM=, Runmode=Yes, Shee...) -->
                  <span class="method-name">emailPreferences_checkbox_validation_AtClick</span>
                  <span class="parameters">({TestCase=emailPreferences_checkbox_validation_AtClick, Password=cGFzc3dvcmQxMjM=, Runmode=Yes, SheetName=EmailPreferences, ExpectedValue=false, UserName=srikanthtesting100@gmail.com, TCID=TC3, =})</span>
                  <div class="stack-trace">java.lang.AssertionError:  Successfully Logged into the HomePage expected [DollarDays | Bulk Goods for Nonprofits, Businesses &amp; Schools | Wholesale Products] but found [Login or Register - DollarDays]
	at com.dollardays.pages.LoginPage.login(LoginPage.java:86)
	at com.dollardays.testcases.EmailPreferencesValidationsTestCase.emailPreferences_checkbox_validation_AtClick(EmailPreferencesValidationsTestCase.java:179)
	at java.util.concurrent.ThreadPoolExecutor.runWorker(ThreadPoolExecutor.java:1149)
	at java.util.concurrent.ThreadPoolExecutor$Worker.run(ThreadPoolExecutor.java:624)
	at java.lang.Thread.run(Thread.java:748)
... Removed 17 stack frames
</div> <!-- stack-trace -->
                </div> <!-- method-content -->
              </div> <!-- method -->
            </div> <!-- main-panel-content rounded-window-bottom -->
          </div> <!-- suite-Parallel_Class_Runs-class-failed -->
          <div class="suite-Parallel_Class_Runs-class-skipped">
            <div class="main-panel-header rounded-window-top">
              <img src="skipped.png"/>
              <span class="class-name">com.dollardays.testcases.Team2TaxExemptTestCase</span>
            </div> <!-- main-panel-header rounded-window-top -->
            <div class="main-panel-content rounded-window-bottom">
              <div class="method">
                <div class="method-content">
                  <a name="ValidateTaxExemptRequiredFields({TaxID=, TestCase=Except expiry date all required fields empty, ExpiryDate=08/19/2022, filePath=, TC...)">
                  </a> <!-- ValidateTaxExemptRequiredFields({TaxID=, TestCase=Except expiry date all required fields empty, ExpiryDate=08/19/2022, filePath=, TC...) -->
                  <span class="method-name">ValidateTaxExemptRequiredFields</span>
                  <span class="parameters">({TaxID=, TestCase=Except expiry date all required fields empty, ExpiryDate=08/19/2022, filePath=, TCID=TC5, SheetName=TaxExempt, Runmode=Yes, UserName=srikanthtesting100@gmail.com, Password=cGFzc3dvcmQxMjM=, FileType=, DocumentName=xyz, TestScenario=Negative, State=, =})</span>
                  <div class="stack-trace">java.lang.Exception: Driver Not Found
	at com.dollardays.testcases.BaseTest.openBrowser(BaseTest.java:95)
	at com.dollardays.testcases.BaseTest.setUpBrowser(BaseTest.java:117)
	at java.util.concurrent.ThreadPoolExecutor.runWorker(ThreadPoolExecutor.java:1149)
	at java.util.concurrent.ThreadPoolExecutor$Worker.run(ThreadPoolExecutor.java:624)
	at java.lang.Thread.run(Thread.java:748)
... Removed 16 stack frames
</div> <!-- stack-trace -->
                </div> <!-- method-content -->
              </div> <!-- method -->
              <div class="method">
                <div class="method-content">
                  <a name="ValidateTaxExemptRequiredFields({TaxID=, TestCase=State and TaxId empty, ExpiryDate=09/19/2022, filePath=SampleJpg.jpg, TCID=TC6, Sh...)">
                  </a> <!-- ValidateTaxExemptRequiredFields({TaxID=, TestCase=State and TaxId empty, ExpiryDate=09/19/2022, filePath=SampleJpg.jpg, TCID=TC6, Sh...) -->
                  <span class="method-name">ValidateTaxExemptRequiredFields</span>
                  <span class="parameters">({TaxID=, TestCase=State and TaxId empty, ExpiryDate=09/19/2022, filePath=SampleJpg.jpg, TCID=TC6, SheetName=TaxExempt, Runmode=Yes, UserName=srikanthtesting100@gmail.com, Password=cGFzc3dvcmQxMjM=, FileType=correct, DocumentName=xyz, TestScenario=Negative, State=, =})</span>
                  <div class="stack-trace">java.lang.Exception: Driver Not Found
	at com.dollardays.testcases.BaseTest.openBrowser(BaseTest.java:95)
	at com.dollardays.testcases.BaseTest.setUpBrowser(BaseTest.java:117)
	at java.util.concurrent.ThreadPoolExecutor.runWorker(ThreadPoolExecutor.java:1149)
	at java.util.concurrent.ThreadPoolExecutor$Worker.run(ThreadPoolExecutor.java:624)
	at java.lang.Thread.run(Thread.java:748)
... Removed 16 stack frames
</div> <!-- stack-trace -->
                </div> <!-- method-content -->
              </div> <!-- method -->
              <div class="method">
                <div class="method-content">
                  <a name="ValidateTaxExemptRequiredFields({TaxID=, TestCase=validate wrong file type, ExpiryDate=, filePath=TaxCertificate for DollarDays.txt,...)">
                  </a> <!-- ValidateTaxExemptRequiredFields({TaxID=, TestCase=validate wrong file type, ExpiryDate=, filePath=TaxCertificate for DollarDays.txt,...) -->
                  <span class="method-name">ValidateTaxExemptRequiredFields</span>
                  <span class="parameters">({TaxID=, TestCase=validate wrong file type, ExpiryDate=, filePath=TaxCertificate for DollarDays.txt, TCID=TC9, SheetName=TaxExempt, Runmode=Yes, UserName=srikanthtesting100@gmail.com, Password=cGFzc3dvcmQxMjM=, FileType=wrong, DocumentName=xyz, TestScenario=Negative, State=Florida, =})</span>
                  <div class="stack-trace">java.lang.Exception: Driver Not Found
	at com.dollardays.testcases.BaseTest.openBrowser(BaseTest.java:95)
	at com.dollardays.testcases.BaseTest.setUpBrowser(BaseTest.java:117)
	at java.util.concurrent.ThreadPoolExecutor.runWorker(ThreadPoolExecutor.java:1149)
	at java.util.concurrent.ThreadPoolExecutor$Worker.run(ThreadPoolExecutor.java:624)
	at java.lang.Thread.run(Thread.java:748)
... Removed 16 stack frames
</div> <!-- stack-trace -->
                </div> <!-- method-content -->
              </div> <!-- method -->
              <div class="method">
                <div class="method-content">
                  <a name="ValidateTaxExemptRequiredFields({TaxID=, TestCase=Tax Exempt all required  fields empty , ExpiryDate=, filePath=, TCID=TC1, SheetNam...)">
                  </a> <!-- ValidateTaxExemptRequiredFields({TaxID=, TestCase=Tax Exempt all required  fields empty , ExpiryDate=, filePath=, TCID=TC1, SheetNam...) -->
                  <span class="method-name">ValidateTaxExemptRequiredFields</span>
                  <span class="parameters">({TaxID=, TestCase=Tax Exempt all required  fields empty , ExpiryDate=, filePath=, TCID=TC1, SheetName=TaxExempt, Runmode=Yes, UserName=srikanthtesting100@gmail.com, Password=cGFzc3dvcmQxMjM=, FileType=, DocumentName=xyz, TestScenario=Negative, State=, =})</span>
                  <div class="stack-trace">java.lang.Exception: Driver Not Found
	at com.dollardays.testcases.BaseTest.openBrowser(BaseTest.java:95)
	at com.dollardays.testcases.BaseTest.setUpBrowser(BaseTest.java:117)
	at java.util.concurrent.ThreadPoolExecutor.runWorker(ThreadPoolExecutor.java:1149)
	at java.util.concurrent.ThreadPoolExecutor$Worker.run(ThreadPoolExecutor.java:624)
	at java.lang.Thread.run(Thread.java:748)
... Removed 16 stack frames
</div> <!-- stack-trace -->
                </div> <!-- method-content -->
              </div> <!-- method -->
              <div class="method">
                <div class="method-content">
                  <a name="ValidateTaxExemptRequiredFields({TaxID=1.0, TestCase=Except TaxID and State all required fields empty , ExpiryDate=, filePath=, TCID...)">
                  </a> <!-- ValidateTaxExemptRequiredFields({TaxID=1.0, TestCase=Except TaxID and State all required fields empty , ExpiryDate=, filePath=, TCID...) -->
                  <span class="method-name">ValidateTaxExemptRequiredFields</span>
                  <span class="parameters">({TaxID=1.0, TestCase=Except TaxID and State all required fields empty , ExpiryDate=, filePath=, TCID=TC4, SheetName=TaxExempt, Runmode=Yes, UserName=srikanthtesting100@gmail.com, Password=cGFzc3dvcmQxMjM=, FileType=, DocumentName=xyz, TestScenario=Negative, State=Florida, =})</span>
                  <div class="stack-trace">java.lang.Exception: Driver Not Found
	at com.dollardays.testcases.BaseTest.openBrowser(BaseTest.java:95)
	at com.dollardays.testcases.BaseTest.setUpBrowser(BaseTest.java:117)
	at java.util.concurrent.ThreadPoolExecutor.runWorker(ThreadPoolExecutor.java:1149)
	at java.util.concurrent.ThreadPoolExecutor$Worker.run(ThreadPoolExecutor.java:624)
	at java.lang.Thread.run(Thread.java:748)
... Removed 16 stack frames
</div> <!-- stack-trace -->
                </div> <!-- method-content -->
              </div> <!-- method -->
              <div class="method">
                <div class="method-content">
                  <a name="ValidateTaxExemptRequiredFields({TaxID=0.0, TestCase=Except TaxID all required fields empty, ExpiryDate=, filePath=, TCID=TC2, Sheet...)">
                  </a> <!-- ValidateTaxExemptRequiredFields({TaxID=0.0, TestCase=Except TaxID all required fields empty, ExpiryDate=, filePath=, TCID=TC2, Sheet...) -->
                  <span class="method-name">ValidateTaxExemptRequiredFields</span>
                  <span class="parameters">({TaxID=0.0, TestCase=Except TaxID all required fields empty, ExpiryDate=, filePath=, TCID=TC2, SheetName=TaxExempt, Runmode=Yes, UserName=srikanthtesting100@gmail.com, Password=cGFzc3dvcmQxMjM=, FileType=, DocumentName=xyz, TestScenario=Negative, State=, =})</span>
                  <div class="stack-trace">java.lang.Exception: Driver Not Found
	at com.dollardays.testcases.BaseTest.openBrowser(BaseTest.java:95)
	at com.dollardays.testcases.BaseTest.setUpBrowser(BaseTest.java:117)
	at java.util.concurrent.ThreadPoolExecutor.runWorker(ThreadPoolExecutor.java:1149)
	at java.util.concurrent.ThreadPoolExecutor$Worker.run(ThreadPoolExecutor.java:624)
	at java.lang.Thread.run(Thread.java:748)
... Removed 16 stack frames
</div> <!-- stack-trace -->
                </div> <!-- method-content -->
              </div> <!-- method -->
              <div class="method">
                <div class="method-content">
                  <a name="ValidateTaxExemptRequiredFields({TaxID=, TestCase=Except State all required fields empty, ExpiryDate=, filePath=, TCID=TC3, SheetNam...)">
                  </a> <!-- ValidateTaxExemptRequiredFields({TaxID=, TestCase=Except State all required fields empty, ExpiryDate=, filePath=, TCID=TC3, SheetNam...) -->
                  <span class="method-name">ValidateTaxExemptRequiredFields</span>
                  <span class="parameters">({TaxID=, TestCase=Except State all required fields empty, ExpiryDate=, filePath=, TCID=TC3, SheetName=TaxExempt, Runmode=Yes, UserName=srikanthtesting100@gmail.com, Password=cGFzc3dvcmQxMjM=, FileType=, DocumentName=xyz, TestScenario=Negative, State=Florida, =})</span>
                  <div class="stack-trace">java.lang.Exception: Driver Not Found
	at com.dollardays.testcases.BaseTest.openBrowser(BaseTest.java:95)
	at com.dollardays.testcases.BaseTest.setUpBrowser(BaseTest.java:117)
	at java.util.concurrent.ThreadPoolExecutor.runWorker(ThreadPoolExecutor.java:1149)
	at java.util.concurrent.ThreadPoolExecutor$Worker.run(ThreadPoolExecutor.java:624)
	at java.lang.Thread.run(Thread.java:748)
... Removed 16 stack frames
</div> <!-- stack-trace -->
                </div> <!-- method-content -->
              </div> <!-- method -->
              <div class="method">
                <div class="method-content">
                  <a name="ValidateTaxExemptRequiredFields({TaxID=2.0, TestCase=Expiry date and State are empty, ExpiryDate=, filePath=SampleJpg.jpg, TCID=TC7,...)">
                  </a> <!-- ValidateTaxExemptRequiredFields({TaxID=2.0, TestCase=Expiry date and State are empty, ExpiryDate=, filePath=SampleJpg.jpg, TCID=TC7,...) -->
                  <span class="method-name">ValidateTaxExemptRequiredFields</span>
                  <span class="parameters">({TaxID=2.0, TestCase=Expiry date and State are empty, ExpiryDate=, filePath=SampleJpg.jpg, TCID=TC7, SheetName=TaxExempt, Runmode=Yes, UserName=srikanthtesting100@gmail.com, Password=cGFzc3dvcmQxMjM=, FileType=correct, DocumentName=xyz, TestScenario=Negative, State=, =})</span>
                  <div class="stack-trace">java.lang.Exception: Driver Not Found
	at com.dollardays.testcases.BaseTest.openBrowser(BaseTest.java:95)
	at com.dollardays.testcases.BaseTest.setUpBrowser(BaseTest.java:117)
	at java.util.concurrent.ThreadPoolExecutor.runWorker(ThreadPoolExecutor.java:1149)
	at java.util.concurrent.ThreadPoolExecutor$Worker.run(ThreadPoolExecutor.java:624)
	at java.lang.Thread.run(Thread.java:748)
... Removed 16 stack frames
</div> <!-- stack-trace -->
                </div> <!-- method-content -->
              </div> <!-- method -->
              <div class="method">
                <div class="method-content">
                  <a name="ValidateTaxExemptRequiredFields({TaxID=3.0, TestCase=Tax exempt form all required fields are filled, ExpiryDate=08/19/2022, filePath...)">
                  </a> <!-- ValidateTaxExemptRequiredFields({TaxID=3.0, TestCase=Tax exempt form all required fields are filled, ExpiryDate=08/19/2022, filePath...) -->
                  <span class="method-name">ValidateTaxExemptRequiredFields</span>
                  <span class="parameters">({TaxID=3.0, TestCase=Tax exempt form all required fields are filled, ExpiryDate=08/19/2022, filePath=SampleJpg.jpg, TCID=TC8, SheetName=TaxExempt, Runmode=Yes, UserName=srikanthtesting100@gmail.com, Password=cGFzc3dvcmQxMjM=, FileType=correct, DocumentName=xyz, TestScenario=Positive, State=Iowa, =})</span>
                  <div class="stack-trace">java.lang.Exception: Driver Not Found
	at com.dollardays.testcases.BaseTest.openBrowser(BaseTest.java:95)
	at com.dollardays.testcases.BaseTest.setUpBrowser(BaseTest.java:117)
	at java.util.concurrent.ThreadPoolExecutor.runWorker(ThreadPoolExecutor.java:1149)
	at java.util.concurrent.ThreadPoolExecutor$Worker.run(ThreadPoolExecutor.java:624)
	at java.lang.Thread.run(Thread.java:748)
... Removed 16 stack frames
</div> <!-- stack-trace -->
                </div> <!-- method-content -->
              </div> <!-- method -->
            </div> <!-- main-panel-content rounded-window-bottom -->
          </div> <!-- suite-Parallel_Class_Runs-class-skipped -->
          <div class="suite-Parallel_Class_Runs-class-passed">
            <div class="main-panel-header rounded-window-top">
              <img src="passed.png"/>
              <span class="class-name">com.dollardays.testcases.DefaultPaymentMethodScript</span>
            </div> <!-- main-panel-header rounded-window-top -->
            <div class="main-panel-content rounded-window-bottom">
              <div class="method">
                <div class="method-content">
                  <a name="VerifyDeleteCard({TestCase=VerifyEditOnCard, Zip=98002, CCExpirymonth=05-May, TCID=TC5, SheetName=Default_PM, CCHolde...)">
                  </a> <!-- VerifyDeleteCard({TestCase=VerifyEditOnCard, Zip=98002, CCExpirymonth=05-May, TCID=TC5, SheetName=Default_PM, CCHolde...) -->
                  <span class="method-name">VerifyDeleteCard</span>
                  <span class="parameters">({TestCase=VerifyEditOnCard, Zip=98002, CCExpirymonth=05-May, TCID=TC5, SheetName=Default_PM, CCHolder=Mr.John, Runmode=Yes, CCExpiryYear=2021, CCV=123, UserName=srikanthtesting100@gmail.com, Password=cGFzc3dvcmQxMjM=, City=Newyork, State=Washington, Address1=123 Ave SE, CCNumber=1234123412341234, ExpectedValue=True, =})</span>
                </div> <!-- method-content -->
              </div> <!-- method -->
              <div class="method">
                <div class="method-content">
                  <a name="VerifyEditOnCard({TestCase=VerifyEditOnCard, Zip=98002, CCExpirymonth=05-May, TCID=TC5, SheetName=Default_PM, CCHolde...)">
                  </a> <!-- VerifyEditOnCard({TestCase=VerifyEditOnCard, Zip=98002, CCExpirymonth=05-May, TCID=TC5, SheetName=Default_PM, CCHolde...) -->
                  <span class="method-name">VerifyEditOnCard</span>
                  <span class="parameters">({TestCase=VerifyEditOnCard, Zip=98002, CCExpirymonth=05-May, TCID=TC5, SheetName=Default_PM, CCHolder=Mr.John, Runmode=Yes, CCExpiryYear=2021, CCV=123, UserName=srikanthtesting100@gmail.com, Password=cGFzc3dvcmQxMjM=, City=Newyork, State=Washington, Address1=123 Ave SE, CCNumber=1234123412341234, ExpectedValue=True, =})</span>
                </div> <!-- method-content -->
              </div> <!-- method -->
              <div class="method">
                <div class="method-content">
                  <a name="VerifySetDefaultCard({TestCase=VerifySetDefaultCard, Zip=98002, CCExpirymonth=05-May, TCID=TC4, SheetName=Default_PM, CCH...)">
                  </a> <!-- VerifySetDefaultCard({TestCase=VerifySetDefaultCard, Zip=98002, CCExpirymonth=05-May, TCID=TC4, SheetName=Default_PM, CCH...) -->
                  <span class="method-name">VerifySetDefaultCard</span>
                  <span class="parameters">({TestCase=VerifySetDefaultCard, Zip=98002, CCExpirymonth=05-May, TCID=TC4, SheetName=Default_PM, CCHolder=Mr.John, Runmode=Yes, CCExpiryYear=2021, CCV=999, UserName=srikanthtesting100@gmail.com, Password=cGFzc3dvcmQxMjM=, City=Newyork, State=Washington, Address1=123 Ave SE, CCNumber=1234123412341234, ExpectedValue=true, =})</span>
                </div> <!-- method-content -->
              </div> <!-- method -->
            </div> <!-- main-panel-content rounded-window-bottom -->
          </div> <!-- suite-Parallel_Class_Runs-class-passed -->
          <div class="suite-Parallel_Class_Runs-class-passed">
            <div class="main-panel-header rounded-window-top">
              <img src="passed.png"/>
              <span class="class-name">com.dollardays.testcases.EmailPreferencesValidationsTestCase</span>
            </div> <!-- main-panel-header rounded-window-top -->
            <div class="main-panel-content rounded-window-bottom">
              <div class="method">
                <div class="method-content">
                  <a name="EmailPreferences_LinksValidation({TestCase=EmailPreferences_LinksValidation, Password=cGFzc3dvcmQxMjM=, Runmode=Yes, SheetName=EmailP...)">
                  </a> <!-- EmailPreferences_LinksValidation({TestCase=EmailPreferences_LinksValidation, Password=cGFzc3dvcmQxMjM=, Runmode=Yes, SheetName=EmailP...) -->
                  <span class="method-name">EmailPreferences_LinksValidation</span>
                  <span class="parameters">({TestCase=EmailPreferences_LinksValidation, Password=cGFzc3dvcmQxMjM=, Runmode=Yes, SheetName=EmailPreferences, ExpectedValue=Policies - DollarDays, UserName=srikanthtesting100@gmail.com, TCID=TC4, =})</span>
                </div> <!-- method-content -->
              </div> <!-- method -->
              <div class="method">
                <div class="method-content">
                  <a name="termAndConditionsPage_LinksValidation({TestCase=termAndConditionsPage_LinksValidation, Password=cGFzc3dvcmQxMjM=, Runmode=Yes, SheetName=E...)">
                  </a> <!-- termAndConditionsPage_LinksValidation({TestCase=termAndConditionsPage_LinksValidation, Password=cGFzc3dvcmQxMjM=, Runmode=Yes, SheetName=E...) -->
                  <span class="method-name">termAndConditionsPage_LinksValidation</span>
                  <span class="parameters">({TestCase=termAndConditionsPage_LinksValidation, Password=cGFzc3dvcmQxMjM=, Runmode=Yes, SheetName=EmailPreferences, ExpectedValue=, UserName=srikanthtesting100@gmail.com, TCID=TC5, =})</span>
                </div> <!-- method-content -->
              </div> <!-- method -->
            </div> <!-- main-panel-content rounded-window-bottom -->
          </div> <!-- suite-Parallel_Class_Runs-class-passed -->
        </div> <!-- panel Parallel_Class_Runs -->
        <div panel-name="test-xml-Parallel_Class_Runs" class="panel">
          <div class="main-panel-header rounded-window-top">
            <span class="header-content">C:\Vidya_Git_Backup_DDProject\Team2TaxExempt\config\Team2TaxExempt.xml</span>
          </div> <!-- main-panel-header rounded-window-top -->
          <div class="main-panel-content rounded-window-bottom">
            <pre>
&lt;?xml version=&quot;1.0&quot; encoding=&quot;UTF-8&quot;?&gt;
&lt;!DOCTYPE suite SYSTEM &quot;https://testng.org/testng-1.0.dtd&quot;&gt;
&lt;suite thread-count=&quot;4&quot; guice-stage=&quot;DEVELOPMENT&quot; name=&quot;Parallel Class Runs&quot; parallel=&quot;classes&quot;&gt;
  &lt;listeners&gt;
    &lt;listener class-name=&quot;com.dollardays.listners.TestListener&quot;/&gt;
  &lt;/listeners&gt;
  &lt;test thread-count=&quot;4&quot; name=&quot;Dollar Days Test&quot; parallel=&quot;classes&quot;&gt;
    &lt;classes&gt;
      &lt;class name=&quot;com.dollardays.testcases.Team2TaxExemptTestCase&quot;/&gt;
      &lt;class name=&quot;com.dollardays.testcases.EmailPreferencesValidationsTestCase&quot;/&gt;
      &lt;class name=&quot;com.dollardays.testcases.DefaultPaymentMethodScript&quot;/&gt;
    &lt;/classes&gt;
  &lt;/test&gt; &lt;!-- Dollar Days Test --&gt;
&lt;/suite&gt; &lt;!-- Parallel Class Runs --&gt;
            </pre>
          </div> <!-- main-panel-content rounded-window-bottom -->
        </div> <!-- panel -->
        <div panel-name="testlist-Parallel_Class_Runs" class="panel">
          <div class="main-panel-header rounded-window-top">
            <span class="header-content">Tests for Parallel Class Runs</span>
          </div> <!-- main-panel-header rounded-window-top -->
          <div class="main-panel-content rounded-window-bottom">
            <ul>
              <li>
                <span class="test-name">Dollar Days Test (3 classes)</span>
              </li>
            </ul>
          </div> <!-- main-panel-content rounded-window-bottom -->
        </div> <!-- panel -->
        <div panel-name="group-Parallel_Class_Runs" class="panel">
          <div class="main-panel-header rounded-window-top">
            <span class="header-content">Groups for Parallel Class Runs</span>
          </div> <!-- main-panel-header rounded-window-top -->
          <div class="main-panel-content rounded-window-bottom">
          </div> <!-- main-panel-content rounded-window-bottom -->
        </div> <!-- panel -->
        <div panel-name="times-Parallel_Class_Runs" class="panel">
          <div class="main-panel-header rounded-window-top">
            <span class="header-content">Times for Parallel Class Runs</span>
          </div> <!-- main-panel-header rounded-window-top -->
          <div class="main-panel-content rounded-window-bottom">
            <div class="times-div">
              <script type="text/javascript">
suiteTableInitFunctions.push('tableData_Parallel_Class_Runs');
function tableData_Parallel_Class_Runs() {
var data = new google.visualization.DataTable();
data.addColumn('number', 'Number');
data.addColumn('string', 'Method');
data.addColumn('string', 'Class');
data.addColumn('number', 'Time (ms)');
data.addRows(20);
data.setCell(0, 0, 0)
data.setCell(0, 1, 'termAndConditionsPage_LinksValidation')
data.setCell(0, 2, 'com.dollardays.testcases.EmailPreferencesValidationsTestCase')
data.setCell(0, 3, 55693);
data.setCell(1, 0, 1)
data.setCell(1, 1, 'EmailPreferences_LinksValidation')
data.setCell(1, 2, 'com.dollardays.testcases.EmailPreferencesValidationsTestCase')
data.setCell(1, 3, 51762);
data.setCell(2, 0, 2)
data.setCell(2, 1, 'VerifyDeleteCard')
data.setCell(2, 2, 'com.dollardays.testcases.DefaultPaymentMethodScript')
data.setCell(2, 3, 28554);
data.setCell(3, 0, 3)
data.setCell(3, 1, 'VerifySetDefaultCard')
data.setCell(3, 2, 'com.dollardays.testcases.DefaultPaymentMethodScript')
data.setCell(3, 3, 26744);
data.setCell(4, 0, 4)
data.setCell(4, 1, 'VerifyEditOnCard')
data.setCell(4, 2, 'com.dollardays.testcases.DefaultPaymentMethodScript')
data.setCell(4, 3, 21352);
data.setCell(5, 0, 5)
data.setCell(5, 1, 'emailPreferences_Checkbox_Validation_AtPageLaunch')
data.setCell(5, 2, 'com.dollardays.testcases.EmailPreferencesValidationsTestCase')
data.setCell(5, 3, 12855);
data.setCell(6, 0, 6)
data.setCell(6, 1, 'VerifyCardVisible')
data.setCell(6, 2, 'com.dollardays.testcases.DefaultPaymentMethodScript')
data.setCell(6, 3, 9355);
data.setCell(7, 0, 7)
data.setCell(7, 1, 'emailPreferences_UserEmailAddressValidation')
data.setCell(7, 2, 'com.dollardays.testcases.EmailPreferencesValidationsTestCase')
data.setCell(7, 3, 8067);
data.setCell(8, 0, 8)
data.setCell(8, 1, 'VerifyDCEditClick')
data.setCell(8, 2, 'com.dollardays.testcases.DefaultPaymentMethodScript')
data.setCell(8, 3, 6517);
data.setCell(9, 0, 9)
data.setCell(9, 1, 'emailPreferences_checkbox_validation_AtClick')
data.setCell(9, 2, 'com.dollardays.testcases.EmailPreferencesValidationsTestCase')
data.setCell(9, 3, 5930);
data.setCell(10, 0, 10)
data.setCell(10, 1, 'VerifyClickAddNewCard')
data.setCell(10, 2, 'com.dollardays.testcases.DefaultPaymentMethodScript')
data.setCell(10, 3, 5188);
data.setCell(11, 0, 11)
data.setCell(11, 1, 'ValidateTaxExemptRequiredFields')
data.setCell(11, 2, 'com.dollardays.testcases.Team2TaxExemptTestCase')
data.setCell(11, 3, 0);
data.setCell(12, 0, 12)
data.setCell(12, 1, 'ValidateTaxExemptRequiredFields')
data.setCell(12, 2, 'com.dollardays.testcases.Team2TaxExemptTestCase')
data.setCell(12, 3, 0);
data.setCell(13, 0, 13)
data.setCell(13, 1, 'ValidateTaxExemptRequiredFields')
data.setCell(13, 2, 'com.dollardays.testcases.Team2TaxExemptTestCase')
data.setCell(13, 3, 0);
data.setCell(14, 0, 14)
data.setCell(14, 1, 'ValidateTaxExemptRequiredFields')
data.setCell(14, 2, 'com.dollardays.testcases.Team2TaxExemptTestCase')
data.setCell(14, 3, 0);
data.setCell(15, 0, 15)
data.setCell(15, 1, 'ValidateTaxExemptRequiredFields')
data.setCell(15, 2, 'com.dollardays.testcases.Team2TaxExemptTestCase')
data.setCell(15, 3, 0);
data.setCell(16, 0, 16)
data.setCell(16, 1, 'ValidateTaxExemptRequiredFields')
data.setCell(16, 2, 'com.dollardays.testcases.Team2TaxExemptTestCase')
data.setCell(16, 3, 0);
data.setCell(17, 0, 17)
data.setCell(17, 1, 'ValidateTaxExemptRequiredFields')
data.setCell(17, 2, 'com.dollardays.testcases.Team2TaxExemptTestCase')
data.setCell(17, 3, 0);
data.setCell(18, 0, 18)
data.setCell(18, 1, 'ValidateTaxExemptRequiredFields')
data.setCell(18, 2, 'com.dollardays.testcases.Team2TaxExemptTestCase')
data.setCell(18, 3, 0);
data.setCell(19, 0, 19)
data.setCell(19, 1, 'ValidateTaxExemptRequiredFields')
data.setCell(19, 2, 'com.dollardays.testcases.Team2TaxExemptTestCase')
data.setCell(19, 3, 0);
window.suiteTableData['Parallel_Class_Runs']= { tableData: data, tableDiv: 'times-div-Parallel_Class_Runs'}
return data;
}
              </script>
              <span class="suite-total-time">Total running time: 3 minutes</span>
              <div id="times-div-Parallel_Class_Runs">
              </div> <!-- times-div-Parallel_Class_Runs -->
            </div> <!-- times-div -->
          </div> <!-- main-panel-content rounded-window-bottom -->
        </div> <!-- panel -->
        <div panel-name="reporter-Parallel_Class_Runs" class="panel">
          <div class="main-panel-header rounded-window-top">
            <span class="header-content">Reporter output for Parallel Class Runs</span>
          </div> <!-- main-panel-header rounded-window-top -->
          <div class="main-panel-content rounded-window-bottom">
          </div> <!-- main-panel-content rounded-window-bottom -->
        </div> <!-- panel -->
        <div panel-name="ignored-methods-Parallel_Class_Runs" class="panel">
          <div class="main-panel-header rounded-window-top">
            <span class="header-content">0 ignored methods</span>
          </div> <!-- main-panel-header rounded-window-top -->
          <div class="main-panel-content rounded-window-bottom">
          </div> <!-- main-panel-content rounded-window-bottom -->
        </div> <!-- panel -->
        <div panel-name="chronological-Parallel_Class_Runs" class="panel">
          <div class="main-panel-header rounded-window-top">
            <span class="header-content">Methods in chronological order</span>
          </div> <!-- main-panel-header rounded-window-top -->
          <div class="main-panel-content rounded-window-bottom">
            <div class="chronological-class">
              <div class="chronological-class-name">com.dollardays.testcases.Team2TaxExemptTestCase</div> <!-- chronological-class-name -->
              <div class="configuration-class before">
                <span class="method-name">beforeClass</span>
                <span class="method-start">0 ms</span>
              </div> <!-- configuration-class before -->
            </div> <!-- chronological-class -->
            <div class="chronological-class">
              <div class="chronological-class-name">com.dollardays.testcases.DefaultPaymentMethodScript</div> <!-- chronological-class-name -->
              <div class="configuration-class before">
                <span class="method-name">beforeClass</span>
                <span class="method-start">0 ms</span>
              </div> <!-- configuration-class before -->
            </div> <!-- chronological-class -->
            <div class="chronological-class">
              <div class="chronological-class-name">com.dollardays.testcases.EmailPreferencesValidationsTestCase</div> <!-- chronological-class-name -->
              <div class="configuration-class before">
                <span class="method-name">beforeClass</span>
                <span class="method-start">0 ms</span>
              </div> <!-- configuration-class before -->
              <div class="configuration-method before">
                <span class="method-name">setUpBrowser</span>
                <span class="method-start">1664 ms</span>
              </div> <!-- configuration-method before -->
            </div> <!-- chronological-class -->
            <div class="chronological-class">
              <div class="chronological-class-name">com.dollardays.testcases.DefaultPaymentMethodScript</div> <!-- chronological-class-name -->
              <div class="configuration-method before">
                <span class="method-name">setUpBrowser</span>
                <span class="method-start">1667 ms</span>
              </div> <!-- configuration-method before -->
            </div> <!-- chronological-class -->
            <div class="chronological-class">
              <div class="chronological-class-name">com.dollardays.testcases.Team2TaxExemptTestCase</div> <!-- chronological-class-name -->
              <div class="configuration-method before">
                <img src="failed.png">
                </img>
                <span class="method-name">setUpBrowser</span>
                <span class="method-start">1907 ms</span>
              </div> <!-- configuration-method before -->
              <div class="test-method">
                <span class="method-name">ValidateTaxExemptRequiredFields({TaxID=, TestCase=Tax Exempt all required  fields empty , ExpiryDate=, filePath=, TCID=TC1, SheetNam...)</span>
                <span class="method-start">18226 ms</span>
              </div> <!-- test-method -->
              <div class="configuration-method after">
                <span class="method-name">quit</span>
                <span class="method-start">18474 ms</span>
              </div> <!-- configuration-method after -->
              <div class="configuration-method before">
                <span class="method-name">setUpBrowser</span>
                <span class="method-start">18475 ms</span>
              </div> <!-- configuration-method before -->
              <div class="test-method">
                <span class="method-name">ValidateTaxExemptRequiredFields({TaxID=0.0, TestCase=Except TaxID all required fields empty, ExpiryDate=, filePath=, TCID=TC2, Sheet...)</span>
                <span class="method-start">18480 ms</span>
              </div> <!-- test-method -->
              <div class="configuration-method after">
                <span class="method-name">quit</span>
                <span class="method-start">18486 ms</span>
              </div> <!-- configuration-method after -->
              <div class="configuration-method before">
                <span class="method-name">setUpBrowser</span>
                <span class="method-start">18491 ms</span>
              </div> <!-- configuration-method before -->
              <div class="test-method">
                <span class="method-name">ValidateTaxExemptRequiredFields({TaxID=, TestCase=Except State all required fields empty, ExpiryDate=, filePath=, TCID=TC3, SheetNam...)</span>
                <span class="method-start">18495 ms</span>
              </div> <!-- test-method -->
              <div class="configuration-method after">
                <span class="method-name">quit</span>
                <span class="method-start">18507 ms</span>
              </div> <!-- configuration-method after -->
              <div class="configuration-method before">
                <span class="method-name">setUpBrowser</span>
                <span class="method-start">18511 ms</span>
              </div> <!-- configuration-method before -->
              <div class="test-method">
                <span class="method-name">ValidateTaxExemptRequiredFields({TaxID=1.0, TestCase=Except TaxID and State all required fields empty , ExpiryDate=, filePath=, TCID...)</span>
                <span class="method-start">18512 ms</span>
              </div> <!-- test-method -->
              <div class="configuration-method after">
                <span class="method-name">quit</span>
                <span class="method-start">18526 ms</span>
              </div> <!-- configuration-method after -->
              <div class="configuration-method before">
                <span class="method-name">setUpBrowser</span>
                <span class="method-start">18530 ms</span>
              </div> <!-- configuration-method before -->
              <div class="test-method">
                <span class="method-name">ValidateTaxExemptRequiredFields({TaxID=, TestCase=Except expiry date all required fields empty, ExpiryDate=08/19/2022, filePath=, TC...)</span>
                <span class="method-start">18532 ms</span>
              </div> <!-- test-method -->
              <div class="configuration-method after">
                <span class="method-name">quit</span>
                <span class="method-start">18539 ms</span>
              </div> <!-- configuration-method after -->
              <div class="configuration-method before">
                <span class="method-name">setUpBrowser</span>
                <span class="method-start">18541 ms</span>
              </div> <!-- configuration-method before -->
              <div class="test-method">
                <span class="method-name">ValidateTaxExemptRequiredFields({TaxID=, TestCase=State and TaxId empty, ExpiryDate=09/19/2022, filePath=SampleJpg.jpg, TCID=TC6, Sh...)</span>
                <span class="method-start">18543 ms</span>
              </div> <!-- test-method -->
              <div class="configuration-method after">
                <span class="method-name">quit</span>
                <span class="method-start">18547 ms</span>
              </div> <!-- configuration-method after -->
              <div class="configuration-method before">
                <span class="method-name">setUpBrowser</span>
                <span class="method-start">18550 ms</span>
              </div> <!-- configuration-method before -->
              <div class="test-method">
                <span class="method-name">ValidateTaxExemptRequiredFields({TaxID=2.0, TestCase=Expiry date and State are empty, ExpiryDate=, filePath=SampleJpg.jpg, TCID=TC7,...)</span>
                <span class="method-start">18553 ms</span>
              </div> <!-- test-method -->
              <div class="configuration-method after">
                <span class="method-name">quit</span>
                <span class="method-start">18559 ms</span>
              </div> <!-- configuration-method after -->
              <div class="configuration-method before">
                <span class="method-name">setUpBrowser</span>
                <span class="method-start">18563 ms</span>
              </div> <!-- configuration-method before -->
              <div class="test-method">
                <span class="method-name">ValidateTaxExemptRequiredFields({TaxID=3.0, TestCase=Tax exempt form all required fields are filled, ExpiryDate=08/19/2022, filePath...)</span>
                <span class="method-start">18563 ms</span>
              </div> <!-- test-method -->
              <div class="configuration-method after">
                <span class="method-name">quit</span>
                <span class="method-start">18566 ms</span>
              </div> <!-- configuration-method after -->
              <div class="configuration-method before">
                <span class="method-name">setUpBrowser</span>
                <span class="method-start">18570 ms</span>
              </div> <!-- configuration-method before -->
              <div class="test-method">
                <span class="method-name">ValidateTaxExemptRequiredFields({TaxID=, TestCase=validate wrong file type, ExpiryDate=, filePath=TaxCertificate for DollarDays.txt,...)</span>
                <span class="method-start">18572 ms</span>
              </div> <!-- test-method -->
              <div class="configuration-method after">
                <span class="method-name">quit</span>
                <span class="method-start">18582 ms</span>
              </div> <!-- configuration-method after -->
              <div class="configuration-class after">
                <span class="method-name">afterClass</span>
                <span class="method-start">18588 ms</span>
              </div> <!-- configuration-class after -->
            </div> <!-- chronological-class -->
            <div class="chronological-class">
              <div class="chronological-class-name">com.dollardays.testcases.EmailPreferencesValidationsTestCase</div> <!-- chronological-class-name -->
              <div class="test-method">
                <img src="failed.png">
                </img>
                <span class="method-name">emailPreferences_UserEmailAddressValidation({TestCase=emailPreferences_UserEmailAddressValidation, Password=cGFzc3dvcmQxMjM=, Runmode=Yes, Sheet...)</span>
                <span class="method-start">22301 ms</span>
              </div> <!-- test-method -->
            </div> <!-- chronological-class -->
            <div class="chronological-class">
              <div class="chronological-class-name">com.dollardays.testcases.DefaultPaymentMethodScript</div> <!-- chronological-class-name -->
              <div class="test-method">
                <img src="failed.png">
                </img>
                <span class="method-name">VerifyDCEditClick({TestCase=VerifyDCEditClick, Zip=98002, CCExpirymonth=05-May, TCID=TC1, SheetName=Default_PM, CCHold...)</span>
                <span class="method-start">23012 ms</span>
              </div> <!-- test-method -->
              <div class="configuration-method after">
                <span class="method-name">quit</span>
                <span class="method-start">29531 ms</span>
              </div> <!-- configuration-method after -->
            </div> <!-- chronological-class -->
            <div class="chronological-class">
              <div class="chronological-class-name">com.dollardays.testcases.EmailPreferencesValidationsTestCase</div> <!-- chronological-class-name -->
              <div class="configuration-method after">
                <span class="method-name">quit</span>
                <span class="method-start">30369 ms</span>
              </div> <!-- configuration-method after -->
            </div> <!-- chronological-class -->
            <div class="chronological-class">
              <div class="chronological-class-name">com.dollardays.testcases.DefaultPaymentMethodScript</div> <!-- chronological-class-name -->
              <div class="configuration-method before">
                <span class="method-name">setUpBrowser</span>
                <span class="method-start">34776 ms</span>
              </div> <!-- configuration-method before -->
            </div> <!-- chronological-class -->
            <div class="chronological-class">
              <div class="chronological-class-name">com.dollardays.testcases.EmailPreferencesValidationsTestCase</div> <!-- chronological-class-name -->
              <div class="configuration-method before">
                <span class="method-name">setUpBrowser</span>
                <span class="method-start">36131 ms</span>
              </div> <!-- configuration-method before -->
              <div class="test-method">
                <img src="failed.png">
                </img>
                <span class="method-name">emailPreferences_Checkbox_Validation_AtPageLaunch({TestCase=emailPreferences_Checkbox_Validation_AtPageLaunch, Password=cGFzc3dvcmQxMjM=, Runmode=Yes,...)</span>
                <span class="method-start">52554 ms</span>
              </div> <!-- test-method -->
            </div> <!-- chronological-class -->
            <div class="chronological-class">
              <div class="chronological-class-name">com.dollardays.testcases.DefaultPaymentMethodScript</div> <!-- chronological-class-name -->
              <div class="test-method">
                <img src="failed.png">
                </img>
                <span class="method-name">VerifyCardVisible({TestCase=VerifyCardVisible, Zip=98002, CCExpirymonth=05-May, TCID=TC2, SheetName=Default_PM, CCHold...)</span>
                <span class="method-start">57409 ms</span>
              </div> <!-- test-method -->
            </div> <!-- chronological-class -->
            <div class="chronological-class">
              <div class="chronological-class-name">com.dollardays.testcases.EmailPreferencesValidationsTestCase</div> <!-- chronological-class-name -->
              <div class="configuration-method after">
                <span class="method-name">quit</span>
                <span class="method-start">65415 ms</span>
              </div> <!-- configuration-method after -->
            </div> <!-- chronological-class -->
            <div class="chronological-class">
              <div class="chronological-class-name">com.dollardays.testcases.DefaultPaymentMethodScript</div> <!-- chronological-class-name -->
              <div class="configuration-method after">
                <span class="method-name">quit</span>
                <span class="method-start">66765 ms</span>
              </div> <!-- configuration-method after -->
            </div> <!-- chronological-class -->
            <div class="chronological-class">
              <div class="chronological-class-name">com.dollardays.testcases.EmailPreferencesValidationsTestCase</div> <!-- chronological-class-name -->
              <div class="configuration-method before">
                <span class="method-name">setUpBrowser</span>
                <span class="method-start">70564 ms</span>
              </div> <!-- configuration-method before -->
            </div> <!-- chronological-class -->
            <div class="chronological-class">
              <div class="chronological-class-name">com.dollardays.testcases.DefaultPaymentMethodScript</div> <!-- chronological-class-name -->
              <div class="configuration-method before">
                <span class="method-name">setUpBrowser</span>
                <span class="method-start">72016 ms</span>
              </div> <!-- configuration-method before -->
            </div> <!-- chronological-class -->
            <div class="chronological-class">
              <div class="chronological-class-name">com.dollardays.testcases.EmailPreferencesValidationsTestCase</div> <!-- chronological-class-name -->
              <div class="test-method">
                <img src="failed.png">
                </img>
                <span class="method-name">emailPreferences_checkbox_validation_AtClick({TestCase=emailPreferences_checkbox_validation_AtClick, Password=cGFzc3dvcmQxMjM=, Runmode=Yes, Shee...)</span>
                <span class="method-start">89132 ms</span>
              </div> <!-- test-method -->
            </div> <!-- chronological-class -->
            <div class="chronological-class">
              <div class="chronological-class-name">com.dollardays.testcases.DefaultPaymentMethodScript</div> <!-- chronological-class-name -->
              <div class="test-method">
                <img src="failed.png">
                </img>
                <span class="method-name">VerifyClickAddNewCard({TestCase=VerifyClickAddNewCard, Zip=98002, CCExpirymonth=05-May, TCID=TC3, SheetName=Default_PM, CC...)</span>
                <span class="method-start">89592 ms</span>
              </div> <!-- test-method -->
              <div class="configuration-method after">
                <span class="method-name">quit</span>
                <span class="method-start">94781 ms</span>
              </div> <!-- configuration-method after -->
            </div> <!-- chronological-class -->
            <div class="chronological-class">
              <div class="chronological-class-name">com.dollardays.testcases.EmailPreferencesValidationsTestCase</div> <!-- chronological-class-name -->
              <div class="configuration-method after">
                <span class="method-name">quit</span>
                <span class="method-start">95063 ms</span>
              </div> <!-- configuration-method after -->
            </div> <!-- chronological-class -->
            <div class="chronological-class">
              <div class="chronological-class-name">com.dollardays.testcases.DefaultPaymentMethodScript</div> <!-- chronological-class-name -->
              <div class="configuration-method before">
                <span class="method-name">setUpBrowser</span>
                <span class="method-start">99926 ms</span>
              </div> <!-- configuration-method before -->
            </div> <!-- chronological-class -->
            <div class="chronological-class">
              <div class="chronological-class-name">com.dollardays.testcases.EmailPreferencesValidationsTestCase</div> <!-- chronological-class-name -->
              <div class="configuration-method before">
                <span class="method-name">setUpBrowser</span>
                <span class="method-start">100262 ms</span>
              </div> <!-- configuration-method before -->
            </div> <!-- chronological-class -->
            <div class="chronological-class">
              <div class="chronological-class-name">com.dollardays.testcases.DefaultPaymentMethodScript</div> <!-- chronological-class-name -->
              <div class="test-method">
                <span class="method-name">VerifySetDefaultCard({TestCase=VerifySetDefaultCard, Zip=98002, CCExpirymonth=05-May, TCID=TC4, SheetName=Default_PM, CCH...)</span>
                <span class="method-start">116261 ms</span>
              </div> <!-- test-method -->
            </div> <!-- chronological-class -->
            <div class="chronological-class">
              <div class="chronological-class-name">com.dollardays.testcases.EmailPreferencesValidationsTestCase</div> <!-- chronological-class-name -->
              <div class="test-method">
                <span class="method-name">EmailPreferences_LinksValidation({TestCase=EmailPreferences_LinksValidation, Password=cGFzc3dvcmQxMjM=, Runmode=Yes, SheetName=EmailP...)</span>
                <span class="method-start">118762 ms</span>
              </div> <!-- test-method -->
            </div> <!-- chronological-class -->
            <div class="chronological-class">
              <div class="chronological-class-name">com.dollardays.testcases.DefaultPaymentMethodScript</div> <!-- chronological-class-name -->
              <div class="configuration-method after">
                <span class="method-name">quit</span>
                <span class="method-start">143006 ms</span>
              </div> <!-- configuration-method after -->
              <div class="configuration-method before">
                <span class="method-name">setUpBrowser</span>
                <span class="method-start">147954 ms</span>
              </div> <!-- configuration-method before -->
              <div class="test-method">
                <span class="method-name">VerifyEditOnCard({TestCase=VerifyEditOnCard, Zip=98002, CCExpirymonth=05-May, TCID=TC5, SheetName=Default_PM, CCHolde...)</span>
                <span class="method-start">161052 ms</span>
              </div> <!-- test-method -->
            </div> <!-- chronological-class -->
            <div class="chronological-class">
              <div class="chronological-class-name">com.dollardays.testcases.EmailPreferencesValidationsTestCase</div> <!-- chronological-class-name -->
              <div class="configuration-method after">
                <span class="method-name">quit</span>
                <span class="method-start">170525 ms</span>
              </div> <!-- configuration-method after -->
              <div class="configuration-method before">
                <span class="method-name">setUpBrowser</span>
                <span class="method-start">171765 ms</span>
              </div> <!-- configuration-method before -->
            </div> <!-- chronological-class -->
            <div class="chronological-class">
              <div class="chronological-class-name">com.dollardays.testcases.DefaultPaymentMethodScript</div> <!-- chronological-class-name -->
              <div class="configuration-method after">
                <span class="method-name">quit</span>
                <span class="method-start">182405 ms</span>
              </div> <!-- configuration-method after -->
              <div class="configuration-method before">
                <span class="method-name">setUpBrowser</span>
                <span class="method-start">187629 ms</span>
              </div> <!-- configuration-method before -->
            </div> <!-- chronological-class -->
            <div class="chronological-class">
              <div class="chronological-class-name">com.dollardays.testcases.EmailPreferencesValidationsTestCase</div> <!-- chronological-class-name -->
              <div class="test-method">
                <span class="method-name">termAndConditionsPage_LinksValidation({TestCase=termAndConditionsPage_LinksValidation, Password=cGFzc3dvcmQxMjM=, Runmode=Yes, SheetName=E...)</span>
                <span class="method-start">190841 ms</span>
              </div> <!-- test-method -->
            </div> <!-- chronological-class -->
            <div class="chronological-class">
              <div class="chronological-class-name">com.dollardays.testcases.DefaultPaymentMethodScript</div> <!-- chronological-class-name -->
              <div class="test-method">
                <span class="method-name">VerifyDeleteCard({TestCase=VerifyEditOnCard, Zip=98002, CCExpirymonth=05-May, TCID=TC5, SheetName=Default_PM, CCHolde...)</span>
                <span class="method-start">203686 ms</span>
              </div> <!-- test-method -->
              <div class="configuration-method after">
                <span class="method-name">quit</span>
                <span class="method-start">232241 ms</span>
              </div> <!-- configuration-method after -->
              <div class="configuration-class after">
                <span class="method-name">afterClass</span>
                <span class="method-start">237111 ms</span>
              </div> <!-- configuration-class after -->
            </div> <!-- chronological-class -->
            <div class="chronological-class">
              <div class="chronological-class-name">com.dollardays.testcases.EmailPreferencesValidationsTestCase</div> <!-- chronological-class-name -->
              <div class="configuration-method after">
                <span class="method-name">quit</span>
                <span class="method-start">246535 ms</span>
              </div> <!-- configuration-method after -->
              <div class="configuration-class after">
                <span class="method-name">afterClass</span>
                <span class="method-start">251371 ms</span>
              </div> <!-- configuration-class after -->
          </div> <!-- main-panel-content rounded-window-bottom -->
        </div> <!-- panel -->
      </div> <!-- main-panel-root -->
    </div> <!-- wrapper -->
  </body>
<script type="text/javascript" src="testng-reports2.js"></script>
</html>
